{"asctime": "2024-06-08 T14:46:34+0530", "message": "Called the route '/readallaudios' and activated the function 'read_all_audios'", "location": "app.py - read_all_audios"}
{"asctime": "2024-06-08 T14:46:34+0530", "message": "Checking for the Old Logs", "location": "App.py - Process_Audio_files"}
{"asctime": "2024-06-08 T14:46:34+0530", "message": "Log Deleted", "location": "logger.py - remove_old_logs_from_top"}
{"asctime": "2024-06-08 T14:46:34+0530", "message": "Log Deleted", "location": "logger.py - remove_old_logs_from_top"}
{"asctime": "2024-06-08 T14:46:34+0530", "message": "Sterted Processing from audios_main", "location": "main.py-audios_main"}
{"asctime": "2024-06-08 T14:46:35+0530", "message": "Calling get_audio_attributes", "location": "main.py-audios_main"}
{"asctime": "2024-06-08 T14:46:35+0530", "message": "Started function add_to_mapping to create mapping.json data", "location": "main.py - add_to_mapping"}
{"asctime": "2024-06-08 T14:46:35+0530", "message": "getting audio atributes for  'C:\\Celebal data\\Clients\\Telecom Egypt\\Extract summary\\summary_pipeline/source/calls/dir1/158308797.wav'"}
{"asctime": "2024-06-08 T14:46:35+0530", "message": "Created folder for audio to save transcriptions at'C:\\Celebal data\\Clients\\Telecom Egypt\\Extract summary\\summary_pipeline/data/audio_analytics/158308797'", "location": "main.py-audios_main"}
{"asctime": "2024-06-08 T14:46:35+0530", "message": "Initializing Creds for AI Speech Services ", "location": "transcription.py - recognize_from_file"}
{"asctime": "2024-06-08 T14:46:36+0530", "message": "Calling Post Transcription for audio '158308797' and file 'C:\\Celebal data\\Clients\\Telecom Egypt\\Extract summary\\summary_pipeline/data/audio_analytics/158308797/transcript_output.json'", "location": "main.py-audios_main"}
{"asctime": "2024-06-08 T14:46:36+0530", "message": "Calling get_translated_transcriptions for 'C:\\Celebal data\\Clients\\Telecom Egypt\\Extract summary\\summary_pipeline/data/audio_analytics/158308797/transcript_output.json'", "location": "main.py - pipeline_after_transcription"}
{"asctime": "2024-06-08 T14:46:36+0530", "message": "Calling get_kpis for 'None'", "location": "main.py - pipeline_after_transcription"}
{"asctime": "2024-06-08 T14:46:36+0530", "message": "Calling get_audio_attributes", "location": "main.py-audios_main"}
{"asctime": "2024-06-08 T14:46:36+0530", "message": "Started function add_to_mapping to create mapping.json data", "location": "main.py - add_to_mapping"}
{"asctime": "2024-06-08 T14:46:36+0530", "message": "getting audio atributes for  'C:\\Celebal data\\Clients\\Telecom Egypt\\Extract summary\\summary_pipeline/source/calls/dir1/158836735.wav'"}
{"asctime": "2024-06-08 T14:46:36+0530", "message": "Created folder for audio to save transcriptions at'C:\\Celebal data\\Clients\\Telecom Egypt\\Extract summary\\summary_pipeline/data/audio_analytics/158836735'", "location": "main.py-audios_main"}
{"asctime": "2024-06-08 T14:46:36+0530", "message": "Initializing Creds for AI Speech Services ", "location": "transcription.py - recognize_from_file"}
{"asctime": "2024-06-08 T14:46:36+0530", "message": "Calling Post Transcription for audio '158836735' and file 'C:\\Celebal data\\Clients\\Telecom Egypt\\Extract summary\\summary_pipeline/data/audio_analytics/158836735/transcript_output.json'", "location": "main.py-audios_main"}
{"asctime": "2024-06-08 T14:46:36+0530", "message": "Calling get_translated_transcriptions for 'C:\\Celebal data\\Clients\\Telecom Egypt\\Extract summary\\summary_pipeline/data/audio_analytics/158836735/transcript_output.json'", "location": "main.py - pipeline_after_transcription"}
{"asctime": "2024-06-08 T14:46:36+0530", "message": "Calling get_kpis for 'None'", "location": "main.py - pipeline_after_transcription"}
{"asctime": "2024-06-08 T14:46:36+0530", "message": "Calling get_audio_attributes", "location": "main.py-audios_main"}
{"asctime": "2024-06-08 T14:46:36+0530", "message": "Started function add_to_mapping to create mapping.json data", "location": "main.py - add_to_mapping"}
{"asctime": "2024-06-08 T14:46:36+0530", "message": "getting audio atributes for  'C:\\Celebal data\\Clients\\Telecom Egypt\\Extract summary\\summary_pipeline/source/calls/dir1/159385897.wav'"}
{"asctime": "2024-06-08 T14:46:36+0530", "message": "Created folder for audio to save transcriptions at'C:\\Celebal data\\Clients\\Telecom Egypt\\Extract summary\\summary_pipeline/data/audio_analytics/159385897'", "location": "main.py-audios_main"}
{"asctime": "2024-06-08 T14:46:36+0530", "message": "Initializing Creds for AI Speech Services ", "location": "transcription.py - recognize_from_file"}
{"asctime": "2024-06-08 T14:46:36+0530", "message": "Calling Post Transcription for audio '159385897' and file 'C:\\Celebal data\\Clients\\Telecom Egypt\\Extract summary\\summary_pipeline/data/audio_analytics/159385897/transcript_output.json'", "location": "main.py-audios_main"}
{"asctime": "2024-06-08 T14:46:36+0530", "message": "Calling get_translated_transcriptions for 'C:\\Celebal data\\Clients\\Telecom Egypt\\Extract summary\\summary_pipeline/data/audio_analytics/159385897/transcript_output.json'", "location": "main.py - pipeline_after_transcription"}
{"asctime": "2024-06-08 T14:46:36+0530", "message": "Calling get_kpis for 'None'", "location": "main.py - pipeline_after_transcription"}
{"asctime": "2024-06-08 T14:46:36+0530", "message": "Calling get_audio_attributes", "location": "main.py-audios_main"}
{"asctime": "2024-06-08 T14:46:36+0530", "message": "Started function add_to_mapping to create mapping.json data", "location": "main.py - add_to_mapping"}
{"asctime": "2024-06-08 T14:46:36+0530", "message": "getting audio atributes for  'C:\\Celebal data\\Clients\\Telecom Egypt\\Extract summary\\summary_pipeline/source/calls/dir1/159831412.wav'"}
{"asctime": "2024-06-08 T14:46:36+0530", "message": "Created folder for audio to save transcriptions at'C:\\Celebal data\\Clients\\Telecom Egypt\\Extract summary\\summary_pipeline/data/audio_analytics/159831412'", "location": "main.py-audios_main"}
{"asctime": "2024-06-08 T14:46:36+0530", "message": "Initializing Creds for AI Speech Services ", "location": "transcription.py - recognize_from_file"}
{"asctime": "2024-06-08 T14:46:37+0530", "message": "Calling Post Transcription for audio '159831412' and file 'C:\\Celebal data\\Clients\\Telecom Egypt\\Extract summary\\summary_pipeline/data/audio_analytics/159831412/transcript_output.json'", "location": "main.py-audios_main"}
{"asctime": "2024-06-08 T14:46:37+0530", "message": "Calling get_translated_transcriptions for 'C:\\Celebal data\\Clients\\Telecom Egypt\\Extract summary\\summary_pipeline/data/audio_analytics/159831412/transcript_output.json'", "location": "main.py - pipeline_after_transcription"}
{"asctime": "2024-06-08 T14:46:37+0530", "message": "Calling get_kpis for 'None'", "location": "main.py - pipeline_after_transcription"}
{"asctime": "2024-06-08 T14:46:37+0530", "message": "Calling get_audio_attributes", "location": "main.py-audios_main"}
{"asctime": "2024-06-08 T14:46:37+0530", "message": "Started function add_to_mapping to create mapping.json data", "location": "main.py - add_to_mapping"}
{"asctime": "2024-06-08 T14:46:37+0530", "message": "getting audio atributes for  'C:\\Celebal data\\Clients\\Telecom Egypt\\Extract summary\\summary_pipeline/source/calls/dir1/160260415.wav'"}
{"asctime": "2024-06-08 T14:46:37+0530", "message": "Created folder for audio to save transcriptions at'C:\\Celebal data\\Clients\\Telecom Egypt\\Extract summary\\summary_pipeline/data/audio_analytics/160260415'", "location": "main.py-audios_main"}
{"asctime": "2024-06-08 T14:46:37+0530", "message": "Initializing Creds for AI Speech Services ", "location": "transcription.py - recognize_from_file"}
{"asctime": "2024-06-08 T14:46:37+0530", "message": "Calling Post Transcription for audio '160260415' and file 'C:\\Celebal data\\Clients\\Telecom Egypt\\Extract summary\\summary_pipeline/data/audio_analytics/160260415/transcript_output.json'", "location": "main.py-audios_main"}
{"asctime": "2024-06-08 T14:46:37+0530", "message": "Calling get_translated_transcriptions for 'C:\\Celebal data\\Clients\\Telecom Egypt\\Extract summary\\summary_pipeline/data/audio_analytics/160260415/transcript_output.json'", "location": "main.py - pipeline_after_transcription"}
{"asctime": "2024-06-08 T14:46:37+0530", "message": "Calling get_kpis for 'None'", "location": "main.py - pipeline_after_transcription"}
{"asctime": "2024-06-08 T14:46:37+0530", "message": "Starts Creating the excel for", "location": "main.py-audios_main"}
{"asctime": "2024-06-08 T14:46:37+0530", "message": "starts iterating over audio_analytic for power_bi and merged_output .json", "location": "main.py-audios_main"}
{"asctime": "2024-06-08 T14:46:37+0530", "message": "creating eng_dim_dataset excel using the data of All_audio_result dataframe", "location": "main.py-create_excel_for_powerbi"}
{"asctime": "2024-06-08 T14:46:37+0530", "message": "creating power_bi_main report using the mapping.json", "location": "main.py-create_excel_for_powerbi"}
{"asctime": "2024-06-08 T14:46:37+0530", "message": "opening the file 'C:\\Celebal data\\Clients\\Telecom Egypt\\Extract summary\\summary_pipeline/data/audios_info\\mappings.json'", "location": "main.py - power_bi_main_report"}
{"asctime": "2024-06-08 T14:46:37+0530", "message": "STARTS iTERATING OVER DATA OF THE  'C:\\Celebal data\\Clients\\Telecom Egypt\\Extract summary\\summary_pipeline/data/audios_info\\mappings.json'", "location": "main.py - power_bi_main_report"}
{"asctime": "2024-06-08 T14:46:37+0530", "message": "creating data frame for the english and Arabic output", "location": "main.py - power_bi_main_report"}
{"asctime": "2024-06-08 T14:46:37+0530", "message": "Exporting the created dataframe to excel with name: 'eng_main_dataset.xlsx' and 'arb_main_dataset.xlsx'", "location": "main.py - power_bi_main_report"}
{"asctime": "2024-06-08 T14:46:37+0530", "message": " ################## Successfully: Done with the Processing of audio files ################## ", "location": "main.py-audios_main"}
{"asctime": "2024-06-08 T14:46:37+0530", "message": "Calling get_audio_attributes", "location": "main.py-audios_main"}
{"asctime": "2024-06-08 T14:46:37+0530", "message": "Started function add_to_mapping to create mapping.json data", "location": "main.py - add_to_mapping"}
{"asctime": "2024-06-08 T14:46:37+0530", "message": "getting audio atributes for  'C:\\Celebal data\\Clients\\Telecom Egypt\\Extract summary\\summary_pipeline/source/calls/dir2/160588653.mp3'"}
{"asctime": "2024-06-08 T14:46:37+0530", "message": "Created folder for audio to save transcriptions at'C:\\Celebal data\\Clients\\Telecom Egypt\\Extract summary\\summary_pipeline/data/audio_analytics/160588653'", "location": "main.py-audios_main"}
{"asctime": "2024-06-08 T14:46:37+0530", "message": "Initializing Creds for AI Speech Services ", "location": "transcription.py - recognize_from_file"}
{"asctime": "2024-06-08 T14:46:38+0530", "message": "Calling Post Transcription for audio '160588653' and file 'C:\\Celebal data\\Clients\\Telecom Egypt\\Extract summary\\summary_pipeline/data/audio_analytics/160588653/transcript_output.json'", "location": "main.py-audios_main"}
{"asctime": "2024-06-08 T14:46:38+0530", "message": "Calling get_translated_transcriptions for 'C:\\Celebal data\\Clients\\Telecom Egypt\\Extract summary\\summary_pipeline/data/audio_analytics/160588653/transcript_output.json'", "location": "main.py - pipeline_after_transcription"}
{"asctime": "2024-06-08 T14:46:38+0530", "message": "Calling get_kpis for 'None'", "location": "main.py - pipeline_after_transcription"}
{"asctime": "2024-06-08 T14:46:38+0530", "message": "Calling get_audio_attributes", "location": "main.py-audios_main"}
{"asctime": "2024-06-08 T14:46:38+0530", "message": "Started function add_to_mapping to create mapping.json data", "location": "main.py - add_to_mapping"}
{"asctime": "2024-06-08 T14:46:38+0530", "message": "getting audio atributes for  'C:\\Celebal data\\Clients\\Telecom Egypt\\Extract summary\\summary_pipeline/source/calls/dir2/160675031.mp3'"}
{"asctime": "2024-06-08 T14:46:38+0530", "message": "Created folder for audio to save transcriptions at'C:\\Celebal data\\Clients\\Telecom Egypt\\Extract summary\\summary_pipeline/data/audio_analytics/160675031'", "location": "main.py-audios_main"}
{"asctime": "2024-06-08 T14:46:38+0530", "message": "Initializing Creds for AI Speech Services ", "location": "transcription.py - recognize_from_file"}
{"asctime": "2024-06-08 T14:46:38+0530", "message": "Calling Post Transcription for audio '160675031' and file 'C:\\Celebal data\\Clients\\Telecom Egypt\\Extract summary\\summary_pipeline/data/audio_analytics/160675031/transcript_output.json'", "location": "main.py-audios_main"}
{"asctime": "2024-06-08 T14:46:38+0530", "message": "Calling get_translated_transcriptions for 'C:\\Celebal data\\Clients\\Telecom Egypt\\Extract summary\\summary_pipeline/data/audio_analytics/160675031/transcript_output.json'", "location": "main.py - pipeline_after_transcription"}
{"asctime": "2024-06-08 T14:46:38+0530", "message": "Calling get_kpis for 'None'", "location": "main.py - pipeline_after_transcription"}
{"asctime": "2024-06-08 T14:46:38+0530", "message": "Calling get_audio_attributes", "location": "main.py-audios_main"}
{"asctime": "2024-06-08 T14:46:38+0530", "message": "Started function add_to_mapping to create mapping.json data", "location": "main.py - add_to_mapping"}
{"asctime": "2024-06-08 T14:46:38+0530", "message": "getting audio atributes for  'C:\\Celebal data\\Clients\\Telecom Egypt\\Extract summary\\summary_pipeline/source/calls/dir2/161025753.mp3'"}
{"asctime": "2024-06-08 T14:46:38+0530", "message": "Created folder for audio to save transcriptions at'C:\\Celebal data\\Clients\\Telecom Egypt\\Extract summary\\summary_pipeline/data/audio_analytics/161025753'", "location": "main.py-audios_main"}
{"asctime": "2024-06-08 T14:46:38+0530", "message": "Initializing Creds for AI Speech Services ", "location": "transcription.py - recognize_from_file"}
{"asctime": "2024-06-08 T14:46:38+0530", "message": "Calling Post Transcription for audio '161025753' and file 'C:\\Celebal data\\Clients\\Telecom Egypt\\Extract summary\\summary_pipeline/data/audio_analytics/161025753/transcript_output.json'", "location": "main.py-audios_main"}
{"asctime": "2024-06-08 T14:46:38+0530", "message": "Calling get_translated_transcriptions for 'C:\\Celebal data\\Clients\\Telecom Egypt\\Extract summary\\summary_pipeline/data/audio_analytics/161025753/transcript_output.json'", "location": "main.py - pipeline_after_transcription"}
{"asctime": "2024-06-08 T14:46:38+0530", "message": "Calling get_kpis for 'None'", "location": "main.py - pipeline_after_transcription"}
{"asctime": "2024-06-08 T14:46:38+0530", "message": "Calling get_audio_attributes", "location": "main.py-audios_main"}
{"asctime": "2024-06-08 T14:46:38+0530", "message": "Started function add_to_mapping to create mapping.json data", "location": "main.py - add_to_mapping"}
{"asctime": "2024-06-08 T14:46:38+0530", "message": "getting audio atributes for  'C:\\Celebal data\\Clients\\Telecom Egypt\\Extract summary\\summary_pipeline/source/calls/dir2/161316483.mp3'"}
{"asctime": "2024-06-08 T14:46:38+0530", "message": "Created folder for audio to save transcriptions at'C:\\Celebal data\\Clients\\Telecom Egypt\\Extract summary\\summary_pipeline/data/audio_analytics/161316483'", "location": "main.py-audios_main"}
{"asctime": "2024-06-08 T14:46:38+0530", "message": "Initializing Creds for AI Speech Services ", "location": "transcription.py - recognize_from_file"}
{"asctime": "2024-06-08 T14:46:38+0530", "message": "Calling Post Transcription for audio '161316483' and file 'C:\\Celebal data\\Clients\\Telecom Egypt\\Extract summary\\summary_pipeline/data/audio_analytics/161316483/transcript_output.json'", "location": "main.py-audios_main"}
{"asctime": "2024-06-08 T14:46:38+0530", "message": "Calling get_translated_transcriptions for 'C:\\Celebal data\\Clients\\Telecom Egypt\\Extract summary\\summary_pipeline/data/audio_analytics/161316483/transcript_output.json'", "location": "main.py - pipeline_after_transcription"}
{"asctime": "2024-06-08 T14:46:38+0530", "message": "Calling get_kpis for 'None'", "location": "main.py - pipeline_after_transcription"}
{"asctime": "2024-06-08 T14:46:39+0530", "message": "Calling get_audio_attributes", "location": "main.py-audios_main"}
{"asctime": "2024-06-08 T14:46:39+0530", "message": "Started function add_to_mapping to create mapping.json data", "location": "main.py - add_to_mapping"}
{"asctime": "2024-06-08 T14:46:39+0530", "message": "getting audio atributes for  'C:\\Celebal data\\Clients\\Telecom Egypt\\Extract summary\\summary_pipeline/source/calls/dir2/161560999.mp3'"}
{"asctime": "2024-06-08 T14:46:39+0530", "message": "Created folder for audio to save transcriptions at'C:\\Celebal data\\Clients\\Telecom Egypt\\Extract summary\\summary_pipeline/data/audio_analytics/161560999'", "location": "main.py-audios_main"}
{"asctime": "2024-06-08 T14:46:39+0530", "message": "Initializing Creds for AI Speech Services ", "location": "transcription.py - recognize_from_file"}
{"asctime": "2024-06-08 T14:46:39+0530", "message": "Calling Post Transcription for audio '161560999' and file 'C:\\Celebal data\\Clients\\Telecom Egypt\\Extract summary\\summary_pipeline/data/audio_analytics/161560999/transcript_output.json'", "location": "main.py-audios_main"}
{"asctime": "2024-06-08 T14:46:39+0530", "message": "Calling get_translated_transcriptions for 'C:\\Celebal data\\Clients\\Telecom Egypt\\Extract summary\\summary_pipeline/data/audio_analytics/161560999/transcript_output.json'", "location": "main.py - pipeline_after_transcription"}
{"asctime": "2024-06-08 T14:46:39+0530", "message": "Calling get_kpis for 'None'", "location": "main.py - pipeline_after_transcription"}
{"asctime": "2024-06-08 T14:46:39+0530", "message": "Starts Creating the excel for", "location": "main.py-audios_main"}
{"asctime": "2024-06-08 T14:46:39+0530", "message": "starts iterating over audio_analytic for power_bi and merged_output .json", "location": "main.py-audios_main"}
{"asctime": "2024-06-08 T14:46:39+0530", "message": "creating eng_dim_dataset excel using the data of All_audio_result dataframe", "location": "main.py-create_excel_for_powerbi"}
{"asctime": "2024-06-08 T14:46:39+0530", "message": "creating power_bi_main report using the mapping.json", "location": "main.py-create_excel_for_powerbi"}
{"asctime": "2024-06-08 T14:46:39+0530", "message": "opening the file 'C:\\Celebal data\\Clients\\Telecom Egypt\\Extract summary\\summary_pipeline/data/audios_info\\mappings.json'", "location": "main.py - power_bi_main_report"}
{"asctime": "2024-06-08 T14:46:39+0530", "message": "STARTS iTERATING OVER DATA OF THE  'C:\\Celebal data\\Clients\\Telecom Egypt\\Extract summary\\summary_pipeline/data/audios_info\\mappings.json'", "location": "main.py - power_bi_main_report"}
{"asctime": "2024-06-08 T14:46:39+0530", "message": "creating data frame for the english and Arabic output", "location": "main.py - power_bi_main_report"}
{"asctime": "2024-06-08 T14:46:39+0530", "message": "Exporting the created dataframe to excel with name: 'eng_main_dataset.xlsx' and 'arb_main_dataset.xlsx'", "location": "main.py - power_bi_main_report"}
{"asctime": "2024-06-08 T14:46:39+0530", "message": " ################## Successfully: Done with the Processing of audio files ################## ", "location": "main.py-audios_main"}
{"asctime": "2024-06-08 T14:52:49+0530", "message": "Called the route '/readallaudios' and activated the function 'read_all_audios'", "location": "app.py - read_all_audios"}
{"asctime": "2024-06-08 T14:52:49+0530", "message": "Checking for the Old Logs", "location": "App.py - Process_Audio_files"}
{"asctime": "2024-06-08 T14:52:49+0530", "message": "Log Deleted", "location": "logger.py - remove_old_logs_from_top"}
{"asctime": "2024-06-08 T14:52:49+0530", "message": "Log Deleted", "location": "logger.py - remove_old_logs_from_top"}
{"asctime": "2024-06-08 T14:52:49+0530", "message": "Sterted Processing from audios_main", "location": "main.py-audios_main"}
{"asctime": "2024-06-08 T14:52:50+0530", "message": "Calling get_audio_attributes", "location": "main.py-audios_main"}
{"asctime": "2024-06-08 T14:52:50+0530", "message": "Started function add_to_mapping to create mapping.json data", "location": "main.py - add_to_mapping"}
{"asctime": "2024-06-08 T14:52:50+0530", "message": "getting audio atributes for  'C:\\Celebal data\\Clients\\Telecom Egypt\\Extract summary\\summary_pipeline/source/calls/dir1/158308797.wav'"}
{"asctime": "2024-06-08 T14:52:50+0530", "message": "Created folder for audio to save transcriptions at'C:\\Celebal data\\Clients\\Telecom Egypt\\Extract summary\\summary_pipeline/data/audio_analytics/158308797'", "location": "main.py-audios_main"}
{"asctime": "2024-06-08 T14:52:50+0530", "message": "Initializing Creds for AI Speech Services ", "location": "transcription.py - recognize_from_file"}
{"asctime": "2024-06-08 T14:52:50+0530", "message": "Calling Post Transcription for audio '158308797' and file 'C:\\Celebal data\\Clients\\Telecom Egypt\\Extract summary\\summary_pipeline/data/audio_analytics/158308797/transcript_output.json'", "location": "main.py-audios_main"}
{"asctime": "2024-06-08 T14:52:50+0530", "message": "Calling get_translated_transcriptions for 'C:\\Celebal data\\Clients\\Telecom Egypt\\Extract summary\\summary_pipeline/data/audio_analytics/158308797/transcript_output.json'", "location": "main.py - pipeline_after_transcription"}
{"asctime": "2024-06-08 T14:52:50+0530", "message": "Calling get_kpis for 'None'", "location": "main.py - pipeline_after_transcription"}
{"asctime": "2024-06-08 T14:52:50+0530", "message": "Calling get_audio_attributes", "location": "main.py-audios_main"}
{"asctime": "2024-06-08 T14:52:50+0530", "message": "Started function add_to_mapping to create mapping.json data", "location": "main.py - add_to_mapping"}
{"asctime": "2024-06-08 T14:52:50+0530", "message": "getting audio atributes for  'C:\\Celebal data\\Clients\\Telecom Egypt\\Extract summary\\summary_pipeline/source/calls/dir1/158836735.wav'"}
{"asctime": "2024-06-08 T14:52:50+0530", "message": "Created folder for audio to save transcriptions at'C:\\Celebal data\\Clients\\Telecom Egypt\\Extract summary\\summary_pipeline/data/audio_analytics/158836735'", "location": "main.py-audios_main"}
{"asctime": "2024-06-08 T14:52:50+0530", "message": "Initializing Creds for AI Speech Services ", "location": "transcription.py - recognize_from_file"}
{"asctime": "2024-06-08 T14:52:51+0530", "message": "Calling Post Transcription for audio '158836735' and file 'C:\\Celebal data\\Clients\\Telecom Egypt\\Extract summary\\summary_pipeline/data/audio_analytics/158836735/transcript_output.json'", "location": "main.py-audios_main"}
{"asctime": "2024-06-08 T14:52:51+0530", "message": "Calling get_translated_transcriptions for 'C:\\Celebal data\\Clients\\Telecom Egypt\\Extract summary\\summary_pipeline/data/audio_analytics/158836735/transcript_output.json'", "location": "main.py - pipeline_after_transcription"}
{"asctime": "2024-06-08 T14:52:51+0530", "message": "Calling get_kpis for 'None'", "location": "main.py - pipeline_after_transcription"}
{"asctime": "2024-06-08 T14:52:51+0530", "message": "Calling get_audio_attributes", "location": "main.py-audios_main"}
{"asctime": "2024-06-08 T14:52:51+0530", "message": "Started function add_to_mapping to create mapping.json data", "location": "main.py - add_to_mapping"}
{"asctime": "2024-06-08 T14:52:51+0530", "message": "getting audio atributes for  'C:\\Celebal data\\Clients\\Telecom Egypt\\Extract summary\\summary_pipeline/source/calls/dir1/159385897.wav'"}
{"asctime": "2024-06-08 T14:52:51+0530", "message": "Created folder for audio to save transcriptions at'C:\\Celebal data\\Clients\\Telecom Egypt\\Extract summary\\summary_pipeline/data/audio_analytics/159385897'", "location": "main.py-audios_main"}
{"asctime": "2024-06-08 T14:52:51+0530", "message": "Initializing Creds for AI Speech Services ", "location": "transcription.py - recognize_from_file"}
{"asctime": "2024-06-08 T14:52:51+0530", "message": "Calling Post Transcription for audio '159385897' and file 'C:\\Celebal data\\Clients\\Telecom Egypt\\Extract summary\\summary_pipeline/data/audio_analytics/159385897/transcript_output.json'", "location": "main.py-audios_main"}
{"asctime": "2024-06-08 T14:52:51+0530", "message": "Calling get_translated_transcriptions for 'C:\\Celebal data\\Clients\\Telecom Egypt\\Extract summary\\summary_pipeline/data/audio_analytics/159385897/transcript_output.json'", "location": "main.py - pipeline_after_transcription"}
{"asctime": "2024-06-08 T14:52:51+0530", "message": "Calling get_kpis for 'None'", "location": "main.py - pipeline_after_transcription"}
{"asctime": "2024-06-08 T14:52:51+0530", "message": "Calling get_audio_attributes", "location": "main.py-audios_main"}
{"asctime": "2024-06-08 T14:52:51+0530", "message": "Started function add_to_mapping to create mapping.json data", "location": "main.py - add_to_mapping"}
{"asctime": "2024-06-08 T14:52:51+0530", "message": "getting audio atributes for  'C:\\Celebal data\\Clients\\Telecom Egypt\\Extract summary\\summary_pipeline/source/calls/dir1/159831412.wav'"}
{"asctime": "2024-06-08 T14:52:51+0530", "message": "Created folder for audio to save transcriptions at'C:\\Celebal data\\Clients\\Telecom Egypt\\Extract summary\\summary_pipeline/data/audio_analytics/159831412'", "location": "main.py-audios_main"}
{"asctime": "2024-06-08 T14:52:51+0530", "message": "Initializing Creds for AI Speech Services ", "location": "transcription.py - recognize_from_file"}
{"asctime": "2024-06-08 T14:52:52+0530", "message": "Calling Post Transcription for audio '159831412' and file 'C:\\Celebal data\\Clients\\Telecom Egypt\\Extract summary\\summary_pipeline/data/audio_analytics/159831412/transcript_output.json'", "location": "main.py-audios_main"}
{"asctime": "2024-06-08 T14:52:52+0530", "message": "Calling get_translated_transcriptions for 'C:\\Celebal data\\Clients\\Telecom Egypt\\Extract summary\\summary_pipeline/data/audio_analytics/159831412/transcript_output.json'", "location": "main.py - pipeline_after_transcription"}
{"asctime": "2024-06-08 T14:52:52+0530", "message": "Calling get_kpis for 'None'", "location": "main.py - pipeline_after_transcription"}
{"asctime": "2024-06-08 T14:52:52+0530", "message": "Calling get_audio_attributes", "location": "main.py-audios_main"}
{"asctime": "2024-06-08 T14:52:52+0530", "message": "Started function add_to_mapping to create mapping.json data", "location": "main.py - add_to_mapping"}
{"asctime": "2024-06-08 T14:52:52+0530", "message": "getting audio atributes for  'C:\\Celebal data\\Clients\\Telecom Egypt\\Extract summary\\summary_pipeline/source/calls/dir1/160260415.wav'"}
{"asctime": "2024-06-08 T14:52:52+0530", "message": "Created folder for audio to save transcriptions at'C:\\Celebal data\\Clients\\Telecom Egypt\\Extract summary\\summary_pipeline/data/audio_analytics/160260415'", "location": "main.py-audios_main"}
{"asctime": "2024-06-08 T14:52:52+0530", "message": "Initializing Creds for AI Speech Services ", "location": "transcription.py - recognize_from_file"}
{"asctime": "2024-06-08 T14:52:52+0530", "message": "Calling Post Transcription for audio '160260415' and file 'C:\\Celebal data\\Clients\\Telecom Egypt\\Extract summary\\summary_pipeline/data/audio_analytics/160260415/transcript_output.json'", "location": "main.py-audios_main"}
{"asctime": "2024-06-08 T14:52:52+0530", "message": "Calling get_translated_transcriptions for 'C:\\Celebal data\\Clients\\Telecom Egypt\\Extract summary\\summary_pipeline/data/audio_analytics/160260415/transcript_output.json'", "location": "main.py - pipeline_after_transcription"}
{"asctime": "2024-06-08 T14:52:52+0530", "message": "Calling get_kpis for 'None'", "location": "main.py - pipeline_after_transcription"}
{"asctime": "2024-06-08 T14:52:52+0530", "message": "Starts Creating the excel for", "location": "main.py-audios_main"}
{"asctime": "2024-06-08 T14:52:52+0530", "message": "starts iterating over audio_analytic for power_bi and merged_output .json", "location": "main.py-audios_main"}
{"asctime": "2024-06-08 T14:52:52+0530", "message": "creating eng_dim_dataset excel using the data of All_audio_result dataframe", "location": "main.py-create_excel_for_powerbi"}
{"asctime": "2024-06-08 T14:52:52+0530", "message": "creating power_bi_main report using the mapping.json", "location": "main.py-create_excel_for_powerbi"}
{"asctime": "2024-06-08 T14:52:52+0530", "message": "opening the file 'C:\\Celebal data\\Clients\\Telecom Egypt\\Extract summary\\summary_pipeline/data/audios_info\\mappings.json'", "location": "main.py - power_bi_main_report"}
{"asctime": "2024-06-08 T14:52:52+0530", "message": "STARTS iTERATING OVER DATA OF THE  'C:\\Celebal data\\Clients\\Telecom Egypt\\Extract summary\\summary_pipeline/data/audios_info\\mappings.json'", "location": "main.py - power_bi_main_report"}
{"asctime": "2024-06-08 T14:52:52+0530", "message": "creating data frame for the english and Arabic output", "location": "main.py - power_bi_main_report"}
{"asctime": "2024-06-08 T14:52:52+0530", "message": "Exporting the created dataframe to excel with name: 'eng_main_dataset.xlsx' and 'arb_main_dataset.xlsx'", "location": "main.py - power_bi_main_report"}
{"asctime": "2024-06-08 T14:52:52+0530", "message": " ################## Successfully: Done with the Processing of audio files ################## ", "location": "main.py-audios_main"}
{"asctime": "2024-06-08 T14:52:52+0530", "message": "Calling get_audio_attributes", "location": "main.py-audios_main"}
{"asctime": "2024-06-08 T14:52:52+0530", "message": "Started function add_to_mapping to create mapping.json data", "location": "main.py - add_to_mapping"}
{"asctime": "2024-06-08 T14:52:52+0530", "message": "getting audio atributes for  'C:\\Celebal data\\Clients\\Telecom Egypt\\Extract summary\\summary_pipeline/source/calls/dir2/160588653.wav'"}
{"asctime": "2024-06-08 T14:52:52+0530", "message": "Created folder for audio to save transcriptions at'C:\\Celebal data\\Clients\\Telecom Egypt\\Extract summary\\summary_pipeline/data/audio_analytics/160588653'", "location": "main.py-audios_main"}
{"asctime": "2024-06-08 T14:52:52+0530", "message": "Initializing Creds for AI Speech Services ", "location": "transcription.py - recognize_from_file"}
{"asctime": "2024-06-08 T14:52:53+0530", "message": "Calling Post Transcription for audio '160588653' and file 'C:\\Celebal data\\Clients\\Telecom Egypt\\Extract summary\\summary_pipeline/data/audio_analytics/160588653/transcript_output.json'", "location": "main.py-audios_main"}
{"asctime": "2024-06-08 T14:52:53+0530", "message": "Calling get_translated_transcriptions for 'C:\\Celebal data\\Clients\\Telecom Egypt\\Extract summary\\summary_pipeline/data/audio_analytics/160588653/transcript_output.json'", "location": "main.py - pipeline_after_transcription"}
{"asctime": "2024-06-08 T14:52:53+0530", "message": "Calling get_kpis for 'None'", "location": "main.py - pipeline_after_transcription"}
{"asctime": "2024-06-08 T14:52:53+0530", "message": "Calling get_audio_attributes", "location": "main.py-audios_main"}
{"asctime": "2024-06-08 T14:52:53+0530", "message": "Started function add_to_mapping to create mapping.json data", "location": "main.py - add_to_mapping"}
{"asctime": "2024-06-08 T14:52:53+0530", "message": "getting audio atributes for  'C:\\Celebal data\\Clients\\Telecom Egypt\\Extract summary\\summary_pipeline/source/calls/dir2/160675031.wav'"}
{"asctime": "2024-06-08 T14:52:53+0530", "message": "Created folder for audio to save transcriptions at'C:\\Celebal data\\Clients\\Telecom Egypt\\Extract summary\\summary_pipeline/data/audio_analytics/160675031'", "location": "main.py-audios_main"}
{"asctime": "2024-06-08 T14:52:53+0530", "message": "Initializing Creds for AI Speech Services ", "location": "transcription.py - recognize_from_file"}
{"asctime": "2024-06-08 T14:52:53+0530", "message": "Calling Post Transcription for audio '160675031' and file 'C:\\Celebal data\\Clients\\Telecom Egypt\\Extract summary\\summary_pipeline/data/audio_analytics/160675031/transcript_output.json'", "location": "main.py-audios_main"}
{"asctime": "2024-06-08 T14:52:53+0530", "message": "Calling get_translated_transcriptions for 'C:\\Celebal data\\Clients\\Telecom Egypt\\Extract summary\\summary_pipeline/data/audio_analytics/160675031/transcript_output.json'", "location": "main.py - pipeline_after_transcription"}
{"asctime": "2024-06-08 T14:52:53+0530", "message": "Calling get_kpis for 'None'", "location": "main.py - pipeline_after_transcription"}
{"asctime": "2024-06-08 T14:52:53+0530", "message": "Calling get_audio_attributes", "location": "main.py-audios_main"}
{"asctime": "2024-06-08 T14:52:53+0530", "message": "Started function add_to_mapping to create mapping.json data", "location": "main.py - add_to_mapping"}
{"asctime": "2024-06-08 T14:52:53+0530", "message": "getting audio atributes for  'C:\\Celebal data\\Clients\\Telecom Egypt\\Extract summary\\summary_pipeline/source/calls/dir2/161025753.wav'"}
{"asctime": "2024-06-08 T14:52:53+0530", "message": "Created folder for audio to save transcriptions at'C:\\Celebal data\\Clients\\Telecom Egypt\\Extract summary\\summary_pipeline/data/audio_analytics/161025753'", "location": "main.py-audios_main"}
{"asctime": "2024-06-08 T14:52:53+0530", "message": "Initializing Creds for AI Speech Services ", "location": "transcription.py - recognize_from_file"}
{"asctime": "2024-06-08 T14:52:54+0530", "message": "Calling Post Transcription for audio '161025753' and file 'C:\\Celebal data\\Clients\\Telecom Egypt\\Extract summary\\summary_pipeline/data/audio_analytics/161025753/transcript_output.json'", "location": "main.py-audios_main"}
{"asctime": "2024-06-08 T14:52:54+0530", "message": "Calling get_translated_transcriptions for 'C:\\Celebal data\\Clients\\Telecom Egypt\\Extract summary\\summary_pipeline/data/audio_analytics/161025753/transcript_output.json'", "location": "main.py - pipeline_after_transcription"}
{"asctime": "2024-06-08 T14:52:54+0530", "message": "Calling get_kpis for 'None'", "location": "main.py - pipeline_after_transcription"}
{"asctime": "2024-06-08 T14:52:54+0530", "message": "Calling get_audio_attributes", "location": "main.py-audios_main"}
{"asctime": "2024-06-08 T14:52:54+0530", "message": "Started function add_to_mapping to create mapping.json data", "location": "main.py - add_to_mapping"}
{"asctime": "2024-06-08 T14:52:54+0530", "message": "getting audio atributes for  'C:\\Celebal data\\Clients\\Telecom Egypt\\Extract summary\\summary_pipeline/source/calls/dir2/161316483.wav'"}
{"asctime": "2024-06-08 T14:52:54+0530", "message": "Created folder for audio to save transcriptions at'C:\\Celebal data\\Clients\\Telecom Egypt\\Extract summary\\summary_pipeline/data/audio_analytics/161316483'", "location": "main.py-audios_main"}
{"asctime": "2024-06-08 T14:52:54+0530", "message": "Initializing Creds for AI Speech Services ", "location": "transcription.py - recognize_from_file"}
{"asctime": "2024-06-08 T14:52:54+0530", "message": "Calling Post Transcription for audio '161316483' and file 'C:\\Celebal data\\Clients\\Telecom Egypt\\Extract summary\\summary_pipeline/data/audio_analytics/161316483/transcript_output.json'", "location": "main.py-audios_main"}
{"asctime": "2024-06-08 T14:52:54+0530", "message": "Calling get_translated_transcriptions for 'C:\\Celebal data\\Clients\\Telecom Egypt\\Extract summary\\summary_pipeline/data/audio_analytics/161316483/transcript_output.json'", "location": "main.py - pipeline_after_transcription"}
{"asctime": "2024-06-08 T14:52:54+0530", "message": "Calling get_kpis for 'None'", "location": "main.py - pipeline_after_transcription"}
{"asctime": "2024-06-08 T14:52:54+0530", "message": "Calling get_audio_attributes", "location": "main.py-audios_main"}
{"asctime": "2024-06-08 T14:52:54+0530", "message": "Started function add_to_mapping to create mapping.json data", "location": "main.py - add_to_mapping"}
{"asctime": "2024-06-08 T14:52:54+0530", "message": "getting audio atributes for  'C:\\Celebal data\\Clients\\Telecom Egypt\\Extract summary\\summary_pipeline/source/calls/dir2/161560999.wav'"}
{"asctime": "2024-06-08 T14:52:54+0530", "message": "Created folder for audio to save transcriptions at'C:\\Celebal data\\Clients\\Telecom Egypt\\Extract summary\\summary_pipeline/data/audio_analytics/161560999'", "location": "main.py-audios_main"}
{"asctime": "2024-06-08 T14:52:54+0530", "message": "Initializing Creds for AI Speech Services ", "location": "transcription.py - recognize_from_file"}
{"asctime": "2024-06-08 T14:52:55+0530", "message": "Calling Post Transcription for audio '161560999' and file 'C:\\Celebal data\\Clients\\Telecom Egypt\\Extract summary\\summary_pipeline/data/audio_analytics/161560999/transcript_output.json'", "location": "main.py-audios_main"}
{"asctime": "2024-06-08 T14:52:55+0530", "message": "Calling get_translated_transcriptions for 'C:\\Celebal data\\Clients\\Telecom Egypt\\Extract summary\\summary_pipeline/data/audio_analytics/161560999/transcript_output.json'", "location": "main.py - pipeline_after_transcription"}
{"asctime": "2024-06-08 T14:52:55+0530", "message": "Calling get_kpis for 'None'", "location": "main.py - pipeline_after_transcription"}
{"asctime": "2024-06-08 T14:52:55+0530", "message": "Starts Creating the excel for", "location": "main.py-audios_main"}
{"asctime": "2024-06-08 T14:52:55+0530", "message": "starts iterating over audio_analytic for power_bi and merged_output .json", "location": "main.py-audios_main"}
{"asctime": "2024-06-08 T14:52:55+0530", "message": "creating eng_dim_dataset excel using the data of All_audio_result dataframe", "location": "main.py-create_excel_for_powerbi"}
{"asctime": "2024-06-08 T14:52:55+0530", "message": "creating power_bi_main report using the mapping.json", "location": "main.py-create_excel_for_powerbi"}
{"asctime": "2024-06-08 T14:52:55+0530", "message": "opening the file 'C:\\Celebal data\\Clients\\Telecom Egypt\\Extract summary\\summary_pipeline/data/audios_info\\mappings.json'", "location": "main.py - power_bi_main_report"}
{"asctime": "2024-06-08 T14:52:55+0530", "message": "STARTS iTERATING OVER DATA OF THE  'C:\\Celebal data\\Clients\\Telecom Egypt\\Extract summary\\summary_pipeline/data/audios_info\\mappings.json'", "location": "main.py - power_bi_main_report"}
{"asctime": "2024-06-08 T14:52:55+0530", "message": "creating data frame for the english and Arabic output", "location": "main.py - power_bi_main_report"}
{"asctime": "2024-06-08 T14:52:55+0530", "message": "Exporting the created dataframe to excel with name: 'eng_main_dataset.xlsx' and 'arb_main_dataset.xlsx'", "location": "main.py - power_bi_main_report"}
{"asctime": "2024-06-08 T14:52:55+0530", "message": " ################## Successfully: Done with the Processing of audio files ################## ", "location": "main.py-audios_main"}
{"asctime": "2024-06-08 T14:58:22+0530", "message": "Called the route '/readallaudios' and activated the function 'read_all_audios'", "location": "app.py - read_all_audios"}
{"asctime": "2024-06-08 T14:58:22+0530", "message": "Checking for the Old Logs", "location": "App.py - Process_Audio_files"}
{"asctime": "2024-06-08 T14:58:22+0530", "message": "Log Deleted", "location": "logger.py - remove_old_logs_from_top"}
{"asctime": "2024-06-08 T14:58:22+0530", "message": "Log Deleted", "location": "logger.py - remove_old_logs_from_top"}
{"asctime": "2024-06-08 T14:58:23+0530", "message": "Sterted Processing from audios_main", "location": "main.py-audios_main"}
{"asctime": "2024-06-08 T14:58:23+0530", "message": "Calling get_audio_attributes", "location": "main.py-audios_main"}
{"asctime": "2024-06-08 T14:58:23+0530", "message": "Started function add_to_mapping to create mapping.json data", "location": "main.py - add_to_mapping"}
{"asctime": "2024-06-08 T14:58:23+0530", "message": "getting audio atributes for  'C:\\Celebal data\\Clients\\Telecom Egypt\\Extract summary\\summary_pipeline/source/calls/dir1/158308797.wav'"}
{"asctime": "2024-06-08 T14:58:23+0530", "message": "Created folder for audio to save transcriptions at'C:\\Celebal data\\Clients\\Telecom Egypt\\Extract summary\\summary_pipeline/data/audio_analytics/158308797'", "location": "main.py-audios_main"}
{"asctime": "2024-06-08 T14:58:23+0530", "message": "Initializing Creds for AI Speech Services ", "location": "transcription.py - recognize_from_file"}
{"asctime": "2024-06-08 T14:58:24+0530", "message": "Calling Post Transcription for audio '158308797' and file 'C:\\Celebal data\\Clients\\Telecom Egypt\\Extract summary\\summary_pipeline/data/audio_analytics/158308797/transcript_output.json'", "location": "main.py-audios_main"}
{"asctime": "2024-06-08 T14:58:24+0530", "message": "Calling get_translated_transcriptions for 'C:\\Celebal data\\Clients\\Telecom Egypt\\Extract summary\\summary_pipeline/data/audio_analytics/158308797/transcript_output.json'", "location": "main.py - pipeline_after_transcription"}
{"asctime": "2024-06-08 T14:58:24+0530", "message": "Calling get_kpis for 'None'", "location": "main.py - pipeline_after_transcription"}
{"asctime": "2024-06-08 T14:58:24+0530", "message": "Calling get_audio_attributes", "location": "main.py-audios_main"}
{"asctime": "2024-06-08 T14:58:24+0530", "message": "Started function add_to_mapping to create mapping.json data", "location": "main.py - add_to_mapping"}
{"asctime": "2024-06-08 T14:58:24+0530", "message": "getting audio atributes for  'C:\\Celebal data\\Clients\\Telecom Egypt\\Extract summary\\summary_pipeline/source/calls/dir1/158836735.wav'"}
{"asctime": "2024-06-08 T14:58:24+0530", "message": "Created folder for audio to save transcriptions at'C:\\Celebal data\\Clients\\Telecom Egypt\\Extract summary\\summary_pipeline/data/audio_analytics/158836735'", "location": "main.py-audios_main"}
{"asctime": "2024-06-08 T14:58:24+0530", "message": "Initializing Creds for AI Speech Services ", "location": "transcription.py - recognize_from_file"}
{"asctime": "2024-06-08 T14:58:24+0530", "message": "Calling Post Transcription for audio '158836735' and file 'C:\\Celebal data\\Clients\\Telecom Egypt\\Extract summary\\summary_pipeline/data/audio_analytics/158836735/transcript_output.json'", "location": "main.py-audios_main"}
{"asctime": "2024-06-08 T14:58:24+0530", "message": "Calling get_translated_transcriptions for 'C:\\Celebal data\\Clients\\Telecom Egypt\\Extract summary\\summary_pipeline/data/audio_analytics/158836735/transcript_output.json'", "location": "main.py - pipeline_after_transcription"}
{"asctime": "2024-06-08 T14:58:24+0530", "message": "Calling get_kpis for 'None'", "location": "main.py - pipeline_after_transcription"}
{"asctime": "2024-06-08 T14:58:24+0530", "message": "Calling get_audio_attributes", "location": "main.py-audios_main"}
{"asctime": "2024-06-08 T14:58:24+0530", "message": "Started function add_to_mapping to create mapping.json data", "location": "main.py - add_to_mapping"}
{"asctime": "2024-06-08 T14:58:24+0530", "message": "getting audio atributes for  'C:\\Celebal data\\Clients\\Telecom Egypt\\Extract summary\\summary_pipeline/source/calls/dir1/159385897.wav'"}
{"asctime": "2024-06-08 T14:58:24+0530", "message": "Created folder for audio to save transcriptions at'C:\\Celebal data\\Clients\\Telecom Egypt\\Extract summary\\summary_pipeline/data/audio_analytics/159385897'", "location": "main.py-audios_main"}
{"asctime": "2024-06-08 T14:58:24+0530", "message": "Initializing Creds for AI Speech Services ", "location": "transcription.py - recognize_from_file"}
{"asctime": "2024-06-08 T14:58:24+0530", "message": "Calling Post Transcription for audio '159385897' and file 'C:\\Celebal data\\Clients\\Telecom Egypt\\Extract summary\\summary_pipeline/data/audio_analytics/159385897/transcript_output.json'", "location": "main.py-audios_main"}
{"asctime": "2024-06-08 T14:58:24+0530", "message": "Calling get_translated_transcriptions for 'C:\\Celebal data\\Clients\\Telecom Egypt\\Extract summary\\summary_pipeline/data/audio_analytics/159385897/transcript_output.json'", "location": "main.py - pipeline_after_transcription"}
{"asctime": "2024-06-08 T14:58:24+0530", "message": "Calling get_kpis for 'None'", "location": "main.py - pipeline_after_transcription"}
{"asctime": "2024-06-08 T14:58:24+0530", "message": "Calling get_audio_attributes", "location": "main.py-audios_main"}
{"asctime": "2024-06-08 T14:58:24+0530", "message": "Started function add_to_mapping to create mapping.json data", "location": "main.py - add_to_mapping"}
{"asctime": "2024-06-08 T14:58:24+0530", "message": "getting audio atributes for  'C:\\Celebal data\\Clients\\Telecom Egypt\\Extract summary\\summary_pipeline/source/calls/dir1/159831412.wav'"}
{"asctime": "2024-06-08 T14:58:25+0530", "message": "Created folder for audio to save transcriptions at'C:\\Celebal data\\Clients\\Telecom Egypt\\Extract summary\\summary_pipeline/data/audio_analytics/159831412'", "location": "main.py-audios_main"}
{"asctime": "2024-06-08 T14:58:25+0530", "message": "Initializing Creds for AI Speech Services ", "location": "transcription.py - recognize_from_file"}
{"asctime": "2024-06-08 T14:58:25+0530", "message": "Calling Post Transcription for audio '159831412' and file 'C:\\Celebal data\\Clients\\Telecom Egypt\\Extract summary\\summary_pipeline/data/audio_analytics/159831412/transcript_output.json'", "location": "main.py-audios_main"}
{"asctime": "2024-06-08 T14:58:25+0530", "message": "Calling get_translated_transcriptions for 'C:\\Celebal data\\Clients\\Telecom Egypt\\Extract summary\\summary_pipeline/data/audio_analytics/159831412/transcript_output.json'", "location": "main.py - pipeline_after_transcription"}
{"asctime": "2024-06-08 T14:58:25+0530", "message": "Calling get_kpis for 'None'", "location": "main.py - pipeline_after_transcription"}
{"asctime": "2024-06-08 T14:58:25+0530", "message": "Calling get_audio_attributes", "location": "main.py-audios_main"}
{"asctime": "2024-06-08 T14:58:25+0530", "message": "Started function add_to_mapping to create mapping.json data", "location": "main.py - add_to_mapping"}
{"asctime": "2024-06-08 T14:58:25+0530", "message": "getting audio atributes for  'C:\\Celebal data\\Clients\\Telecom Egypt\\Extract summary\\summary_pipeline/source/calls/dir1/160260415.wav'"}
{"asctime": "2024-06-08 T14:58:25+0530", "message": "Created folder for audio to save transcriptions at'C:\\Celebal data\\Clients\\Telecom Egypt\\Extract summary\\summary_pipeline/data/audio_analytics/160260415'", "location": "main.py-audios_main"}
{"asctime": "2024-06-08 T14:58:25+0530", "message": "Initializing Creds for AI Speech Services ", "location": "transcription.py - recognize_from_file"}
{"asctime": "2024-06-08 T14:58:25+0530", "message": "Calling Post Transcription for audio '160260415' and file 'C:\\Celebal data\\Clients\\Telecom Egypt\\Extract summary\\summary_pipeline/data/audio_analytics/160260415/transcript_output.json'", "location": "main.py-audios_main"}
{"asctime": "2024-06-08 T14:58:25+0530", "message": "Calling get_translated_transcriptions for 'C:\\Celebal data\\Clients\\Telecom Egypt\\Extract summary\\summary_pipeline/data/audio_analytics/160260415/transcript_output.json'", "location": "main.py - pipeline_after_transcription"}
{"asctime": "2024-06-08 T14:58:25+0530", "message": "Calling get_kpis for 'None'", "location": "main.py - pipeline_after_transcription"}
{"asctime": "2024-06-08 T14:58:25+0530", "message": "Starts Creating the excel for", "location": "main.py-audios_main"}
{"asctime": "2024-06-08 T14:58:25+0530", "message": "starts iterating over audio_analytic for power_bi and merged_output .json", "location": "main.py-audios_main"}
{"asctime": "2024-06-08 T14:58:25+0530", "message": "creating eng_dim_dataset excel using the data of All_audio_result dataframe", "location": "main.py-create_excel_for_powerbi"}
{"asctime": "2024-06-08 T14:58:25+0530", "message": "creating power_bi_main report using the mapping.json", "location": "main.py-create_excel_for_powerbi"}
{"asctime": "2024-06-08 T14:58:25+0530", "message": "opening the file 'C:\\Celebal data\\Clients\\Telecom Egypt\\Extract summary\\summary_pipeline/data/audios_info\\mappings.json'", "location": "main.py - power_bi_main_report"}
{"asctime": "2024-06-08 T14:58:25+0530", "message": "STARTS iTERATING OVER DATA OF THE  'C:\\Celebal data\\Clients\\Telecom Egypt\\Extract summary\\summary_pipeline/data/audios_info\\mappings.json'", "location": "main.py - power_bi_main_report"}
{"asctime": "2024-06-08 T14:58:25+0530", "message": "creating data frame for the english and Arabic output", "location": "main.py - power_bi_main_report"}
{"asctime": "2024-06-08 T14:58:25+0530", "message": "Exporting the created dataframe to excel with name: 'eng_main_dataset.xlsx' and 'arb_main_dataset.xlsx'", "location": "main.py - power_bi_main_report"}
{"asctime": "2024-06-08 T14:58:25+0530", "message": " ################## Successfully: Done with the Processing of audio files ################## ", "location": "main.py-audios_main"}
{"asctime": "2024-06-08 T14:58:25+0530", "message": "Calling get_audio_attributes", "location": "main.py-audios_main"}
{"asctime": "2024-06-08 T14:58:25+0530", "message": "Started function add_to_mapping to create mapping.json data", "location": "main.py - add_to_mapping"}
{"asctime": "2024-06-08 T14:58:25+0530", "message": "getting audio atributes for  'C:\\Celebal data\\Clients\\Telecom Egypt\\Extract summary\\summary_pipeline/source/calls/dir2/160588653.wav'"}
{"asctime": "2024-06-08 T14:58:25+0530", "message": "Created folder for audio to save transcriptions at'C:\\Celebal data\\Clients\\Telecom Egypt\\Extract summary\\summary_pipeline/data/audio_analytics/160588653'", "location": "main.py-audios_main"}
{"asctime": "2024-06-08 T14:58:25+0530", "message": "Initializing Creds for AI Speech Services ", "location": "transcription.py - recognize_from_file"}
{"asctime": "2024-06-08 T14:58:26+0530", "message": "Calling Post Transcription for audio '160588653' and file 'C:\\Celebal data\\Clients\\Telecom Egypt\\Extract summary\\summary_pipeline/data/audio_analytics/160588653/transcript_output.json'", "location": "main.py-audios_main"}
{"asctime": "2024-06-08 T14:58:26+0530", "message": "Calling get_translated_transcriptions for 'C:\\Celebal data\\Clients\\Telecom Egypt\\Extract summary\\summary_pipeline/data/audio_analytics/160588653/transcript_output.json'", "location": "main.py - pipeline_after_transcription"}
{"asctime": "2024-06-08 T14:58:26+0530", "message": "Calling get_kpis for 'None'", "location": "main.py - pipeline_after_transcription"}
{"asctime": "2024-06-08 T14:58:26+0530", "message": "Calling get_audio_attributes", "location": "main.py-audios_main"}
{"asctime": "2024-06-08 T14:58:26+0530", "message": "Started function add_to_mapping to create mapping.json data", "location": "main.py - add_to_mapping"}
{"asctime": "2024-06-08 T14:58:26+0530", "message": "getting audio atributes for  'C:\\Celebal data\\Clients\\Telecom Egypt\\Extract summary\\summary_pipeline/source/calls/dir2/160675031.wav'"}
{"asctime": "2024-06-08 T14:58:26+0530", "message": "Created folder for audio to save transcriptions at'C:\\Celebal data\\Clients\\Telecom Egypt\\Extract summary\\summary_pipeline/data/audio_analytics/160675031'", "location": "main.py-audios_main"}
{"asctime": "2024-06-08 T14:58:26+0530", "message": "Initializing Creds for AI Speech Services ", "location": "transcription.py - recognize_from_file"}
{"asctime": "2024-06-08 T14:58:26+0530", "message": "Calling Post Transcription for audio '160675031' and file 'C:\\Celebal data\\Clients\\Telecom Egypt\\Extract summary\\summary_pipeline/data/audio_analytics/160675031/transcript_output.json'", "location": "main.py-audios_main"}
{"asctime": "2024-06-08 T14:58:26+0530", "message": "Calling get_translated_transcriptions for 'C:\\Celebal data\\Clients\\Telecom Egypt\\Extract summary\\summary_pipeline/data/audio_analytics/160675031/transcript_output.json'", "location": "main.py - pipeline_after_transcription"}
{"asctime": "2024-06-08 T14:58:26+0530", "message": "Calling get_kpis for 'None'", "location": "main.py - pipeline_after_transcription"}
{"asctime": "2024-06-08 T14:58:26+0530", "message": "Calling get_audio_attributes", "location": "main.py-audios_main"}
{"asctime": "2024-06-08 T14:58:26+0530", "message": "Started function add_to_mapping to create mapping.json data", "location": "main.py - add_to_mapping"}
{"asctime": "2024-06-08 T14:58:26+0530", "message": "getting audio atributes for  'C:\\Celebal data\\Clients\\Telecom Egypt\\Extract summary\\summary_pipeline/source/calls/dir2/161025753.wav'"}
{"asctime": "2024-06-08 T14:58:26+0530", "message": "Created folder for audio to save transcriptions at'C:\\Celebal data\\Clients\\Telecom Egypt\\Extract summary\\summary_pipeline/data/audio_analytics/161025753'", "location": "main.py-audios_main"}
{"asctime": "2024-06-08 T14:58:26+0530", "message": "Initializing Creds for AI Speech Services ", "location": "transcription.py - recognize_from_file"}
{"asctime": "2024-06-08 T14:58:26+0530", "message": "Calling Post Transcription for audio '161025753' and file 'C:\\Celebal data\\Clients\\Telecom Egypt\\Extract summary\\summary_pipeline/data/audio_analytics/161025753/transcript_output.json'", "location": "main.py-audios_main"}
{"asctime": "2024-06-08 T14:58:26+0530", "message": "Calling get_translated_transcriptions for 'C:\\Celebal data\\Clients\\Telecom Egypt\\Extract summary\\summary_pipeline/data/audio_analytics/161025753/transcript_output.json'", "location": "main.py - pipeline_after_transcription"}
{"asctime": "2024-06-08 T14:58:26+0530", "message": "Calling get_kpis for 'None'", "location": "main.py - pipeline_after_transcription"}
{"asctime": "2024-06-08 T14:58:26+0530", "message": "Calling get_audio_attributes", "location": "main.py-audios_main"}
{"asctime": "2024-06-08 T14:58:26+0530", "message": "Started function add_to_mapping to create mapping.json data", "location": "main.py - add_to_mapping"}
{"asctime": "2024-06-08 T14:58:26+0530", "message": "getting audio atributes for  'C:\\Celebal data\\Clients\\Telecom Egypt\\Extract summary\\summary_pipeline/source/calls/dir2/161316483.wav'"}
{"asctime": "2024-06-08 T14:58:26+0530", "message": "Created folder for audio to save transcriptions at'C:\\Celebal data\\Clients\\Telecom Egypt\\Extract summary\\summary_pipeline/data/audio_analytics/161316483'", "location": "main.py-audios_main"}
{"asctime": "2024-06-08 T14:58:26+0530", "message": "Initializing Creds for AI Speech Services ", "location": "transcription.py - recognize_from_file"}
{"asctime": "2024-06-08 T14:58:26+0530", "message": "Calling Post Transcription for audio '161316483' and file 'C:\\Celebal data\\Clients\\Telecom Egypt\\Extract summary\\summary_pipeline/data/audio_analytics/161316483/transcript_output.json'", "location": "main.py-audios_main"}
{"asctime": "2024-06-08 T14:58:26+0530", "message": "Calling get_translated_transcriptions for 'C:\\Celebal data\\Clients\\Telecom Egypt\\Extract summary\\summary_pipeline/data/audio_analytics/161316483/transcript_output.json'", "location": "main.py - pipeline_after_transcription"}
{"asctime": "2024-06-08 T14:58:26+0530", "message": "Calling get_kpis for 'None'", "location": "main.py - pipeline_after_transcription"}
{"asctime": "2024-06-08 T14:58:26+0530", "message": "Calling get_audio_attributes", "location": "main.py-audios_main"}
{"asctime": "2024-06-08 T14:58:26+0530", "message": "Started function add_to_mapping to create mapping.json data", "location": "main.py - add_to_mapping"}
{"asctime": "2024-06-08 T14:58:26+0530", "message": "getting audio atributes for  'C:\\Celebal data\\Clients\\Telecom Egypt\\Extract summary\\summary_pipeline/source/calls/dir2/161560999.wav'"}
{"asctime": "2024-06-08 T14:58:26+0530", "message": "Created folder for audio to save transcriptions at'C:\\Celebal data\\Clients\\Telecom Egypt\\Extract summary\\summary_pipeline/data/audio_analytics/161560999'", "location": "main.py-audios_main"}
{"asctime": "2024-06-08 T14:58:26+0530", "message": "Initializing Creds for AI Speech Services ", "location": "transcription.py - recognize_from_file"}
{"asctime": "2024-06-08 T14:58:27+0530", "message": "Calling Post Transcription for audio '161560999' and file 'C:\\Celebal data\\Clients\\Telecom Egypt\\Extract summary\\summary_pipeline/data/audio_analytics/161560999/transcript_output.json'", "location": "main.py-audios_main"}
{"asctime": "2024-06-08 T14:58:27+0530", "message": "Calling get_translated_transcriptions for 'C:\\Celebal data\\Clients\\Telecom Egypt\\Extract summary\\summary_pipeline/data/audio_analytics/161560999/transcript_output.json'", "location": "main.py - pipeline_after_transcription"}
{"asctime": "2024-06-08 T14:58:27+0530", "message": "Calling get_kpis for 'None'", "location": "main.py - pipeline_after_transcription"}
{"asctime": "2024-06-08 T14:58:27+0530", "message": "Starts Creating the excel for", "location": "main.py-audios_main"}
{"asctime": "2024-06-08 T14:58:27+0530", "message": "starts iterating over audio_analytic for power_bi and merged_output .json", "location": "main.py-audios_main"}
{"asctime": "2024-06-08 T14:58:27+0530", "message": "creating eng_dim_dataset excel using the data of All_audio_result dataframe", "location": "main.py-create_excel_for_powerbi"}
{"asctime": "2024-06-08 T14:58:27+0530", "message": "creating power_bi_main report using the mapping.json", "location": "main.py-create_excel_for_powerbi"}
{"asctime": "2024-06-08 T14:58:27+0530", "message": "opening the file 'C:\\Celebal data\\Clients\\Telecom Egypt\\Extract summary\\summary_pipeline/data/audios_info\\mappings.json'", "location": "main.py - power_bi_main_report"}
{"asctime": "2024-06-08 T14:58:27+0530", "message": "STARTS iTERATING OVER DATA OF THE  'C:\\Celebal data\\Clients\\Telecom Egypt\\Extract summary\\summary_pipeline/data/audios_info\\mappings.json'", "location": "main.py - power_bi_main_report"}
{"asctime": "2024-06-08 T14:58:27+0530", "message": "creating data frame for the english and Arabic output", "location": "main.py - power_bi_main_report"}
{"asctime": "2024-06-08 T14:58:27+0530", "message": "Exporting the created dataframe to excel with name: 'eng_main_dataset.xlsx' and 'arb_main_dataset.xlsx'", "location": "main.py - power_bi_main_report"}
{"asctime": "2024-06-08 T14:58:27+0530", "message": " ################## Successfully: Done with the Processing of audio files ################## ", "location": "main.py-audios_main"}
{"asctime": "2024-06-08 T15:00:15+0530", "message": "Called the route '/readallaudios' and activated the function 'read_all_audios'", "location": "app.py - read_all_audios"}
{"asctime": "2024-06-08 T15:00:15+0530", "message": "Checking for the Old Logs", "location": "App.py - Process_Audio_files"}
{"asctime": "2024-06-08 T15:00:15+0530", "message": "Log Deleted", "location": "logger.py - remove_old_logs_from_top"}
{"asctime": "2024-06-08 T15:00:15+0530", "message": "Log Deleted", "location": "logger.py - remove_old_logs_from_top"}
{"asctime": "2024-06-08 T15:00:15+0530", "message": "Sterted Processing from audios_main", "location": "main.py-audios_main"}
{"asctime": "2024-06-08 T15:00:16+0530", "message": "Calling get_audio_attributes", "location": "main.py-audios_main"}
{"asctime": "2024-06-08 T15:00:17+0530", "message": ".wav file is created sucesfully at 'C:\\Celebal data\\Clients\\Telecom Egypt\\Extract summary\\summary_pipeline/data/processed_data/158308797.wav'", "location": "audio.py - audio_processing"}
{"asctime": "2024-06-08 T15:00:17+0530", "message": "Started function add_to_mapping to create mapping.json data", "location": "main.py - add_to_mapping"}
{"asctime": "2024-06-08 T15:00:17+0530", "message": "getting audio atributes for  'C:\\Celebal data\\Clients\\Telecom Egypt\\Extract summary\\summary_pipeline/data/processed_data/158308797.wav'"}
{"asctime": "2024-06-08 T15:00:17+0530", "message": "got total duration for  'C:\\Celebal data\\Clients\\Telecom Egypt\\Extract summary\\summary_pipeline/data/processed_data/158308797.wav'"}
{"asctime": "2024-06-08 T15:00:17+0530", "message": "got total Size for  'C:\\Celebal data\\Clients\\Telecom Egypt\\Extract summary\\summary_pipeline/data/processed_data/158308797.wav'"}
{"asctime": "2024-06-08 T15:00:17+0530", "message": "attributes added sucesfully to mapping.json for  '158308797.wav'", "location": "main.py - add_to_mapping"}
{"asctime": "2024-06-08 T15:00:17+0530", "message": "Created folder for audio to save transcriptions at'C:\\Celebal data\\Clients\\Telecom Egypt\\Extract summary\\summary_pipeline/data/audio_analytics/158308797'", "location": "main.py-audios_main"}
{"asctime": "2024-06-08 T15:00:17+0530", "message": "Initializing Creds for AI Speech Services ", "location": "transcription.py - recognize_from_file"}
{"asctime": "2024-06-08 T15:00:17+0530", "message": "Connecting to the AI Speech Services and start Transcribing for audio'C:\\Celebal data\\Clients\\Telecom Egypt\\Extract summary\\summary_pipeline/data/processed_data/158308797.wav'", "location": "transcription.py - recognize_from_file"}
{"asctime": "2024-06-08 T15:00:18+0530", "message": "Saved Transcript.json at ' C:\\Celebal data\\Clients\\Telecom Egypt\\Extract summary\\summary_pipeline/data/audio_analytics/158308797\\transcript_output.json'"}
{"asctime": "2024-06-08 T15:00:18+0530", "message": "Stopping Session to AI Speech Service SessionEventArgs(session_id=071946e82a8f4921bba3d73ea9c628f7)", "location": "transcription.py - stop_cb"}
{"asctime": "2024-06-08 T15:00:18+0530", "message": "Calling Post Transcription for audio '158308797' and file 'C:\\Celebal data\\Clients\\Telecom Egypt\\Extract summary\\summary_pipeline/data/audio_analytics/158308797/transcript_output.json'", "location": "main.py-audios_main"}
{"asctime": "2024-06-08 T15:00:18+0530", "message": "Calling get_translated_transcriptions for 'C:\\Celebal data\\Clients\\Telecom Egypt\\Extract summary\\summary_pipeline/data/audio_analytics/158308797/transcript_output.json'", "location": "main.py - pipeline_after_transcription"}
{"asctime": "2024-06-08 T15:00:18+0530", "message": "Starting to Iterate over the dialogue to translate of 'C:\\Celebal data\\Clients\\Telecom Egypt\\Extract summary\\summary_pipeline/data/audio_analytics/158308797/transcript_output.json'", "location": "translator.py - get_translated_transcriptions"}
{"asctime": "2024-06-08 T15:00:18+0530", "message": "saved translated output list to transcript_output_english.json at locaton 'C:\\Celebal data\\Clients\\Telecom Egypt\\Extract summary\\summary_pipeline/data/audio_analytics/158308797/transcript_output_english.json'", "location": "translator.py - get_translated_transcriptions"}
{"asctime": "2024-06-08 T15:00:18+0530", "message": "Calling get_kpis for 'C:\\Celebal data\\Clients\\Telecom Egypt\\Extract summary\\summary_pipeline/data/audio_analytics/158308797/transcript_output_english.json'", "location": "main.py - pipeline_after_transcription"}
{"asctime": "2024-06-08 T15:00:18+0530", "message": "getting Conversational Summarization", "location": "main.py - get_kpis"}
{"asctime": "2024-06-08 T15:00:18+0530", "message": "getting Conversational Summarization", "location": "main.py - get_kpis"}
{"asctime": "2024-06-08 T15:00:18+0530", "message": "Calling get_audio_attributes", "location": "main.py-audios_main"}
{"asctime": "2024-06-08 T15:00:19+0530", "message": ".wav file is created sucesfully at 'C:\\Celebal data\\Clients\\Telecom Egypt\\Extract summary\\summary_pipeline/data/processed_data/158836735.wav'", "location": "audio.py - audio_processing"}
{"asctime": "2024-06-08 T15:00:19+0530", "message": "Started function add_to_mapping to create mapping.json data", "location": "main.py - add_to_mapping"}
{"asctime": "2024-06-08 T15:00:19+0530", "message": "getting audio atributes for  'C:\\Celebal data\\Clients\\Telecom Egypt\\Extract summary\\summary_pipeline/data/processed_data/158836735.wav'"}
{"asctime": "2024-06-08 T15:00:19+0530", "message": "got total duration for  'C:\\Celebal data\\Clients\\Telecom Egypt\\Extract summary\\summary_pipeline/data/processed_data/158836735.wav'"}
{"asctime": "2024-06-08 T15:00:19+0530", "message": "got total Size for  'C:\\Celebal data\\Clients\\Telecom Egypt\\Extract summary\\summary_pipeline/data/processed_data/158836735.wav'"}
{"asctime": "2024-06-08 T15:00:19+0530", "message": "attributes added sucesfully to mapping.json for  '158836735.wav'", "location": "main.py - add_to_mapping"}
{"asctime": "2024-06-08 T15:00:19+0530", "message": "Created folder for audio to save transcriptions at'C:\\Celebal data\\Clients\\Telecom Egypt\\Extract summary\\summary_pipeline/data/audio_analytics/158836735'", "location": "main.py-audios_main"}
{"asctime": "2024-06-08 T15:00:19+0530", "message": "Initializing Creds for AI Speech Services ", "location": "transcription.py - recognize_from_file"}
{"asctime": "2024-06-08 T15:00:19+0530", "message": "Connecting to the AI Speech Services and start Transcribing for audio'C:\\Celebal data\\Clients\\Telecom Egypt\\Extract summary\\summary_pipeline/data/processed_data/158836735.wav'", "location": "transcription.py - recognize_from_file"}
{"asctime": "2024-06-08 T15:00:19+0530", "message": "Saved Transcript.json at ' C:\\Celebal data\\Clients\\Telecom Egypt\\Extract summary\\summary_pipeline/data/audio_analytics/158836735\\transcript_output.json'"}
{"asctime": "2024-06-08 T15:00:19+0530", "message": "Stopping Session to AI Speech Service SessionEventArgs(session_id=4feed404ed9a4355b7827dba58d72be4)", "location": "transcription.py - stop_cb"}
{"asctime": "2024-06-08 T15:00:19+0530", "message": "Calling Post Transcription for audio '158836735' and file 'C:\\Celebal data\\Clients\\Telecom Egypt\\Extract summary\\summary_pipeline/data/audio_analytics/158836735/transcript_output.json'", "location": "main.py-audios_main"}
{"asctime": "2024-06-08 T15:00:19+0530", "message": "Calling get_translated_transcriptions for 'C:\\Celebal data\\Clients\\Telecom Egypt\\Extract summary\\summary_pipeline/data/audio_analytics/158836735/transcript_output.json'", "location": "main.py - pipeline_after_transcription"}
{"asctime": "2024-06-08 T15:00:19+0530", "message": "Starting to Iterate over the dialogue to translate of 'C:\\Celebal data\\Clients\\Telecom Egypt\\Extract summary\\summary_pipeline/data/audio_analytics/158836735/transcript_output.json'", "location": "translator.py - get_translated_transcriptions"}
{"asctime": "2024-06-08 T15:00:19+0530", "message": "saved translated output list to transcript_output_english.json at locaton 'C:\\Celebal data\\Clients\\Telecom Egypt\\Extract summary\\summary_pipeline/data/audio_analytics/158836735/transcript_output_english.json'", "location": "translator.py - get_translated_transcriptions"}
{"asctime": "2024-06-08 T15:00:19+0530", "message": "Calling get_kpis for 'C:\\Celebal data\\Clients\\Telecom Egypt\\Extract summary\\summary_pipeline/data/audio_analytics/158836735/transcript_output_english.json'", "location": "main.py - pipeline_after_transcription"}
{"asctime": "2024-06-08 T15:00:19+0530", "message": "getting Conversational Summarization", "location": "main.py - get_kpis"}
{"asctime": "2024-06-08 T15:00:20+0530", "message": "getting Conversational Summarization", "location": "main.py - get_kpis"}
{"asctime": "2024-06-08 T15:00:20+0530", "message": "Calling get_audio_attributes", "location": "main.py-audios_main"}
{"asctime": "2024-06-08 T15:00:21+0530", "message": ".wav file is created sucesfully at 'C:\\Celebal data\\Clients\\Telecom Egypt\\Extract summary\\summary_pipeline/data/processed_data/159385897.wav'", "location": "audio.py - audio_processing"}
{"asctime": "2024-06-08 T15:00:21+0530", "message": "Started function add_to_mapping to create mapping.json data", "location": "main.py - add_to_mapping"}
{"asctime": "2024-06-08 T15:00:21+0530", "message": "getting audio atributes for  'C:\\Celebal data\\Clients\\Telecom Egypt\\Extract summary\\summary_pipeline/data/processed_data/159385897.wav'"}
{"asctime": "2024-06-08 T15:00:21+0530", "message": "got total duration for  'C:\\Celebal data\\Clients\\Telecom Egypt\\Extract summary\\summary_pipeline/data/processed_data/159385897.wav'"}
{"asctime": "2024-06-08 T15:00:21+0530", "message": "got total Size for  'C:\\Celebal data\\Clients\\Telecom Egypt\\Extract summary\\summary_pipeline/data/processed_data/159385897.wav'"}
{"asctime": "2024-06-08 T15:00:21+0530", "message": "attributes added sucesfully to mapping.json for  '159385897.wav'", "location": "main.py - add_to_mapping"}
{"asctime": "2024-06-08 T15:00:21+0530", "message": "Created folder for audio to save transcriptions at'C:\\Celebal data\\Clients\\Telecom Egypt\\Extract summary\\summary_pipeline/data/audio_analytics/159385897'", "location": "main.py-audios_main"}
{"asctime": "2024-06-08 T15:00:21+0530", "message": "Initializing Creds for AI Speech Services ", "location": "transcription.py - recognize_from_file"}
{"asctime": "2024-06-08 T15:00:21+0530", "message": "Connecting to the AI Speech Services and start Transcribing for audio'C:\\Celebal data\\Clients\\Telecom Egypt\\Extract summary\\summary_pipeline/data/processed_data/159385897.wav'", "location": "transcription.py - recognize_from_file"}
{"asctime": "2024-06-08 T15:00:21+0530", "message": "Saved Transcript.json at ' C:\\Celebal data\\Clients\\Telecom Egypt\\Extract summary\\summary_pipeline/data/audio_analytics/159385897\\transcript_output.json'"}
{"asctime": "2024-06-08 T15:00:21+0530", "message": "Stopping Session to AI Speech Service SessionEventArgs(session_id=461ab303a41a4a089dcb9f17391403dd)", "location": "transcription.py - stop_cb"}
{"asctime": "2024-06-08 T15:00:21+0530", "message": "Calling Post Transcription for audio '159385897' and file 'C:\\Celebal data\\Clients\\Telecom Egypt\\Extract summary\\summary_pipeline/data/audio_analytics/159385897/transcript_output.json'", "location": "main.py-audios_main"}
{"asctime": "2024-06-08 T15:00:21+0530", "message": "Calling get_translated_transcriptions for 'C:\\Celebal data\\Clients\\Telecom Egypt\\Extract summary\\summary_pipeline/data/audio_analytics/159385897/transcript_output.json'", "location": "main.py - pipeline_after_transcription"}
{"asctime": "2024-06-08 T15:00:21+0530", "message": "Starting to Iterate over the dialogue to translate of 'C:\\Celebal data\\Clients\\Telecom Egypt\\Extract summary\\summary_pipeline/data/audio_analytics/159385897/transcript_output.json'", "location": "translator.py - get_translated_transcriptions"}
{"asctime": "2024-06-08 T15:00:21+0530", "message": "saved translated output list to transcript_output_english.json at locaton 'C:\\Celebal data\\Clients\\Telecom Egypt\\Extract summary\\summary_pipeline/data/audio_analytics/159385897/transcript_output_english.json'", "location": "translator.py - get_translated_transcriptions"}
{"asctime": "2024-06-08 T15:00:21+0530", "message": "Calling get_kpis for 'C:\\Celebal data\\Clients\\Telecom Egypt\\Extract summary\\summary_pipeline/data/audio_analytics/159385897/transcript_output_english.json'", "location": "main.py - pipeline_after_transcription"}
{"asctime": "2024-06-08 T15:00:21+0530", "message": "getting Conversational Summarization", "location": "main.py - get_kpis"}
{"asctime": "2024-06-08 T15:00:22+0530", "message": "getting Conversational Summarization", "location": "main.py - get_kpis"}
{"asctime": "2024-06-08 T15:00:22+0530", "message": "Calling get_audio_attributes", "location": "main.py-audios_main"}
{"asctime": "2024-06-08 T15:00:22+0530", "message": ".wav file is created sucesfully at 'C:\\Celebal data\\Clients\\Telecom Egypt\\Extract summary\\summary_pipeline/data/processed_data/159831412.wav'", "location": "audio.py - audio_processing"}
{"asctime": "2024-06-08 T15:00:22+0530", "message": "Started function add_to_mapping to create mapping.json data", "location": "main.py - add_to_mapping"}
{"asctime": "2024-06-08 T15:00:22+0530", "message": "getting audio atributes for  'C:\\Celebal data\\Clients\\Telecom Egypt\\Extract summary\\summary_pipeline/data/processed_data/159831412.wav'"}
{"asctime": "2024-06-08 T15:00:22+0530", "message": "got total duration for  'C:\\Celebal data\\Clients\\Telecom Egypt\\Extract summary\\summary_pipeline/data/processed_data/159831412.wav'"}
{"asctime": "2024-06-08 T15:00:22+0530", "message": "got total Size for  'C:\\Celebal data\\Clients\\Telecom Egypt\\Extract summary\\summary_pipeline/data/processed_data/159831412.wav'"}
{"asctime": "2024-06-08 T15:00:22+0530", "message": "attributes added sucesfully to mapping.json for  '159831412.wav'", "location": "main.py - add_to_mapping"}
{"asctime": "2024-06-08 T15:00:22+0530", "message": "Created folder for audio to save transcriptions at'C:\\Celebal data\\Clients\\Telecom Egypt\\Extract summary\\summary_pipeline/data/audio_analytics/159831412'", "location": "main.py-audios_main"}
{"asctime": "2024-06-08 T15:00:22+0530", "message": "Initializing Creds for AI Speech Services ", "location": "transcription.py - recognize_from_file"}
{"asctime": "2024-06-08 T15:00:22+0530", "message": "Connecting to the AI Speech Services and start Transcribing for audio'C:\\Celebal data\\Clients\\Telecom Egypt\\Extract summary\\summary_pipeline/data/processed_data/159831412.wav'", "location": "transcription.py - recognize_from_file"}
{"asctime": "2024-06-08 T15:00:23+0530", "message": "Saved Transcript.json at ' C:\\Celebal data\\Clients\\Telecom Egypt\\Extract summary\\summary_pipeline/data/audio_analytics/159831412\\transcript_output.json'"}
{"asctime": "2024-06-08 T15:00:23+0530", "message": "Stopping Session to AI Speech Service SessionEventArgs(session_id=03a9243c9e694c59bbe35da80d6e7054)", "location": "transcription.py - stop_cb"}
{"asctime": "2024-06-08 T15:00:23+0530", "message": "Calling Post Transcription for audio '159831412' and file 'C:\\Celebal data\\Clients\\Telecom Egypt\\Extract summary\\summary_pipeline/data/audio_analytics/159831412/transcript_output.json'", "location": "main.py-audios_main"}
{"asctime": "2024-06-08 T15:00:23+0530", "message": "Calling get_translated_transcriptions for 'C:\\Celebal data\\Clients\\Telecom Egypt\\Extract summary\\summary_pipeline/data/audio_analytics/159831412/transcript_output.json'", "location": "main.py - pipeline_after_transcription"}
{"asctime": "2024-06-08 T15:00:23+0530", "message": "Starting to Iterate over the dialogue to translate of 'C:\\Celebal data\\Clients\\Telecom Egypt\\Extract summary\\summary_pipeline/data/audio_analytics/159831412/transcript_output.json'", "location": "translator.py - get_translated_transcriptions"}
{"asctime": "2024-06-08 T15:00:23+0530", "message": "saved translated output list to transcript_output_english.json at locaton 'C:\\Celebal data\\Clients\\Telecom Egypt\\Extract summary\\summary_pipeline/data/audio_analytics/159831412/transcript_output_english.json'", "location": "translator.py - get_translated_transcriptions"}
{"asctime": "2024-06-08 T15:00:23+0530", "message": "Calling get_kpis for 'C:\\Celebal data\\Clients\\Telecom Egypt\\Extract summary\\summary_pipeline/data/audio_analytics/159831412/transcript_output_english.json'", "location": "main.py - pipeline_after_transcription"}
{"asctime": "2024-06-08 T15:00:23+0530", "message": "getting Conversational Summarization", "location": "main.py - get_kpis"}
{"asctime": "2024-06-08 T15:00:23+0530", "message": "getting Conversational Summarization", "location": "main.py - get_kpis"}
{"asctime": "2024-06-08 T15:00:23+0530", "message": "Calling get_audio_attributes", "location": "main.py-audios_main"}
{"asctime": "2024-06-08 T15:00:24+0530", "message": ".wav file is created sucesfully at 'C:\\Celebal data\\Clients\\Telecom Egypt\\Extract summary\\summary_pipeline/data/processed_data/160260415.wav'", "location": "audio.py - audio_processing"}
{"asctime": "2024-06-08 T15:00:24+0530", "message": "Started function add_to_mapping to create mapping.json data", "location": "main.py - add_to_mapping"}
{"asctime": "2024-06-08 T15:00:24+0530", "message": "getting audio atributes for  'C:\\Celebal data\\Clients\\Telecom Egypt\\Extract summary\\summary_pipeline/data/processed_data/160260415.wav'"}
{"asctime": "2024-06-08 T15:00:24+0530", "message": "got total duration for  'C:\\Celebal data\\Clients\\Telecom Egypt\\Extract summary\\summary_pipeline/data/processed_data/160260415.wav'"}
{"asctime": "2024-06-08 T15:00:24+0530", "message": "got total Size for  'C:\\Celebal data\\Clients\\Telecom Egypt\\Extract summary\\summary_pipeline/data/processed_data/160260415.wav'"}
{"asctime": "2024-06-08 T15:00:24+0530", "message": "attributes added sucesfully to mapping.json for  '160260415.wav'", "location": "main.py - add_to_mapping"}
{"asctime": "2024-06-08 T15:00:24+0530", "message": "Created folder for audio to save transcriptions at'C:\\Celebal data\\Clients\\Telecom Egypt\\Extract summary\\summary_pipeline/data/audio_analytics/160260415'", "location": "main.py-audios_main"}
{"asctime": "2024-06-08 T15:00:24+0530", "message": "Initializing Creds for AI Speech Services ", "location": "transcription.py - recognize_from_file"}
{"asctime": "2024-06-08 T15:00:24+0530", "message": "Connecting to the AI Speech Services and start Transcribing for audio'C:\\Celebal data\\Clients\\Telecom Egypt\\Extract summary\\summary_pipeline/data/processed_data/160260415.wav'", "location": "transcription.py - recognize_from_file"}
{"asctime": "2024-06-08 T15:00:25+0530", "message": "Saved Transcript.json at ' C:\\Celebal data\\Clients\\Telecom Egypt\\Extract summary\\summary_pipeline/data/audio_analytics/160260415\\transcript_output.json'"}
{"asctime": "2024-06-08 T15:00:25+0530", "message": "Stopping Session to AI Speech Service SessionEventArgs(session_id=9a9f14e26fd24d78bd22710f26ecd9c2)", "location": "transcription.py - stop_cb"}
{"asctime": "2024-06-08 T15:00:25+0530", "message": "Calling Post Transcription for audio '160260415' and file 'C:\\Celebal data\\Clients\\Telecom Egypt\\Extract summary\\summary_pipeline/data/audio_analytics/160260415/transcript_output.json'", "location": "main.py-audios_main"}
{"asctime": "2024-06-08 T15:00:25+0530", "message": "Calling get_translated_transcriptions for 'C:\\Celebal data\\Clients\\Telecom Egypt\\Extract summary\\summary_pipeline/data/audio_analytics/160260415/transcript_output.json'", "location": "main.py - pipeline_after_transcription"}
{"asctime": "2024-06-08 T15:00:25+0530", "message": "Starting to Iterate over the dialogue to translate of 'C:\\Celebal data\\Clients\\Telecom Egypt\\Extract summary\\summary_pipeline/data/audio_analytics/160260415/transcript_output.json'", "location": "translator.py - get_translated_transcriptions"}
{"asctime": "2024-06-08 T15:00:25+0530", "message": "saved translated output list to transcript_output_english.json at locaton 'C:\\Celebal data\\Clients\\Telecom Egypt\\Extract summary\\summary_pipeline/data/audio_analytics/160260415/transcript_output_english.json'", "location": "translator.py - get_translated_transcriptions"}
{"asctime": "2024-06-08 T15:00:25+0530", "message": "Calling get_kpis for 'C:\\Celebal data\\Clients\\Telecom Egypt\\Extract summary\\summary_pipeline/data/audio_analytics/160260415/transcript_output_english.json'", "location": "main.py - pipeline_after_transcription"}
{"asctime": "2024-06-08 T15:00:25+0530", "message": "getting Conversational Summarization", "location": "main.py - get_kpis"}
{"asctime": "2024-06-08 T15:00:25+0530", "message": "getting Conversational Summarization", "location": "main.py - get_kpis"}
{"asctime": "2024-06-08 T15:00:25+0530", "message": "Starts Creating the excel for", "location": "main.py-audios_main"}
{"asctime": "2024-06-08 T15:00:25+0530", "message": "starts iterating over audio_analytic for power_bi and merged_output .json", "location": "main.py-audios_main"}
{"asctime": "2024-06-08 T15:00:25+0530", "message": "creating eng_dim_dataset excel using the data of All_audio_result dataframe", "location": "main.py-create_excel_for_powerbi"}
{"asctime": "2024-06-08 T15:00:25+0530", "message": "creating power_bi_main report using the mapping.json", "location": "main.py-create_excel_for_powerbi"}
{"asctime": "2024-06-08 T15:00:25+0530", "message": "opening the file 'C:\\Celebal data\\Clients\\Telecom Egypt\\Extract summary\\summary_pipeline/data/audios_info\\mappings.json'", "location": "main.py - power_bi_main_report"}
{"asctime": "2024-06-08 T15:00:25+0530", "message": "STARTS iTERATING OVER DATA OF THE  'C:\\Celebal data\\Clients\\Telecom Egypt\\Extract summary\\summary_pipeline/data/audios_info\\mappings.json'", "location": "main.py - power_bi_main_report"}
{"asctime": "2024-06-08 T15:00:25+0530", "message": "Sending request to the API to translate", "location": "translator.py - get_translated_transcriptions"}
{"asctime": "2024-06-08 T15:00:27+0530", "message": "Sending request to the API to translate", "location": "translator.py - get_translated_transcriptions"}
{"asctime": "2024-06-08 T15:00:28+0530", "message": "Sending request to the API to translate", "location": "translator.py - get_translated_transcriptions"}
{"asctime": "2024-06-08 T15:00:28+0530", "message": "Sending request to the API to translate", "location": "translator.py - get_translated_transcriptions"}
{"asctime": "2024-06-08 T15:00:30+0530", "message": "Sending request to the API to translate", "location": "translator.py - get_translated_transcriptions"}
{"asctime": "2024-06-08 T15:00:31+0530", "message": "Sending request to the API to translate", "location": "translator.py - get_translated_transcriptions"}
{"asctime": "2024-06-08 T15:00:31+0530", "message": "Sending request to the API to translate", "location": "translator.py - get_translated_transcriptions"}
{"asctime": "2024-06-08 T15:00:32+0530", "message": "Sending request to the API to translate", "location": "translator.py - get_translated_transcriptions"}
{"asctime": "2024-06-08 T15:00:33+0530", "message": "Sending request to the API to translate", "location": "translator.py - get_translated_transcriptions"}
{"asctime": "2024-06-08 T15:00:35+0530", "message": "creating data frame for the english and Arabic output", "location": "main.py - power_bi_main_report"}
{"asctime": "2024-06-08 T15:00:35+0530", "message": "Exporting the created dataframe to excel with name: 'eng_main_dataset.xlsx' and 'arb_main_dataset.xlsx'", "location": "main.py - power_bi_main_report"}
{"asctime": "2024-06-08 T15:00:35+0530", "message": " ################## Successfully: Done with the Processing of audio files ################## ", "location": "main.py-audios_main"}
{"asctime": "2024-06-08 T15:00:35+0530", "message": "Calling get_audio_attributes", "location": "main.py-audios_main"}
{"asctime": "2024-06-08 T15:00:35+0530", "message": "Started function add_to_mapping to create mapping.json data", "location": "main.py - add_to_mapping"}
{"asctime": "2024-06-08 T15:00:35+0530", "message": "getting audio atributes for  'C:\\Celebal data\\Clients\\Telecom Egypt\\Extract summary\\summary_pipeline/data/processed_data/160588653.wav'"}
{"asctime": "2024-06-08 T15:00:35+0530", "message": "Created folder for audio to save transcriptions at'C:\\Celebal data\\Clients\\Telecom Egypt\\Extract summary\\summary_pipeline/data/audio_analytics/160588653'", "location": "main.py-audios_main"}
{"asctime": "2024-06-08 T15:00:35+0530", "message": "Initializing Creds for AI Speech Services ", "location": "transcription.py - recognize_from_file"}
{"asctime": "2024-06-08 T15:00:35+0530", "message": "Calling Post Transcription for audio '160588653' and file 'C:\\Celebal data\\Clients\\Telecom Egypt\\Extract summary\\summary_pipeline/data/audio_analytics/160588653/transcript_output.json'", "location": "main.py-audios_main"}
{"asctime": "2024-06-08 T15:00:35+0530", "message": "Calling get_translated_transcriptions for 'C:\\Celebal data\\Clients\\Telecom Egypt\\Extract summary\\summary_pipeline/data/audio_analytics/160588653/transcript_output.json'", "location": "main.py - pipeline_after_transcription"}
{"asctime": "2024-06-08 T15:00:35+0530", "message": "Calling get_kpis for 'None'", "location": "main.py - pipeline_after_transcription"}
{"asctime": "2024-06-08 T15:00:35+0530", "message": "Calling get_audio_attributes", "location": "main.py-audios_main"}
{"asctime": "2024-06-08 T15:00:35+0530", "message": "Started function add_to_mapping to create mapping.json data", "location": "main.py - add_to_mapping"}
{"asctime": "2024-06-08 T15:00:35+0530", "message": "getting audio atributes for  'C:\\Celebal data\\Clients\\Telecom Egypt\\Extract summary\\summary_pipeline/data/processed_data/160675031.wav'"}
{"asctime": "2024-06-08 T15:00:35+0530", "message": "Created folder for audio to save transcriptions at'C:\\Celebal data\\Clients\\Telecom Egypt\\Extract summary\\summary_pipeline/data/audio_analytics/160675031'", "location": "main.py-audios_main"}
{"asctime": "2024-06-08 T15:00:35+0530", "message": "Initializing Creds for AI Speech Services ", "location": "transcription.py - recognize_from_file"}
{"asctime": "2024-06-08 T15:00:35+0530", "message": "Calling Post Transcription for audio '160675031' and file 'C:\\Celebal data\\Clients\\Telecom Egypt\\Extract summary\\summary_pipeline/data/audio_analytics/160675031/transcript_output.json'", "location": "main.py-audios_main"}
{"asctime": "2024-06-08 T15:00:35+0530", "message": "Calling get_translated_transcriptions for 'C:\\Celebal data\\Clients\\Telecom Egypt\\Extract summary\\summary_pipeline/data/audio_analytics/160675031/transcript_output.json'", "location": "main.py - pipeline_after_transcription"}
{"asctime": "2024-06-08 T15:00:35+0530", "message": "Calling get_kpis for 'None'", "location": "main.py - pipeline_after_transcription"}
{"asctime": "2024-06-08 T15:00:35+0530", "message": "Calling get_audio_attributes", "location": "main.py-audios_main"}
{"asctime": "2024-06-08 T15:00:35+0530", "message": "Started function add_to_mapping to create mapping.json data", "location": "main.py - add_to_mapping"}
{"asctime": "2024-06-08 T15:00:35+0530", "message": "getting audio atributes for  'C:\\Celebal data\\Clients\\Telecom Egypt\\Extract summary\\summary_pipeline/data/processed_data/161025753.wav'"}
{"asctime": "2024-06-08 T15:00:35+0530", "message": "Created folder for audio to save transcriptions at'C:\\Celebal data\\Clients\\Telecom Egypt\\Extract summary\\summary_pipeline/data/audio_analytics/161025753'", "location": "main.py-audios_main"}
{"asctime": "2024-06-08 T15:00:35+0530", "message": "Initializing Creds for AI Speech Services ", "location": "transcription.py - recognize_from_file"}
{"asctime": "2024-06-08 T15:00:35+0530", "message": "Calling Post Transcription for audio '161025753' and file 'C:\\Celebal data\\Clients\\Telecom Egypt\\Extract summary\\summary_pipeline/data/audio_analytics/161025753/transcript_output.json'", "location": "main.py-audios_main"}
{"asctime": "2024-06-08 T15:00:35+0530", "message": "Calling get_translated_transcriptions for 'C:\\Celebal data\\Clients\\Telecom Egypt\\Extract summary\\summary_pipeline/data/audio_analytics/161025753/transcript_output.json'", "location": "main.py - pipeline_after_transcription"}
{"asctime": "2024-06-08 T15:00:35+0530", "message": "Calling get_kpis for 'None'", "location": "main.py - pipeline_after_transcription"}
{"asctime": "2024-06-08 T15:00:35+0530", "message": "Calling get_audio_attributes", "location": "main.py-audios_main"}
{"asctime": "2024-06-08 T15:00:35+0530", "message": "Started function add_to_mapping to create mapping.json data", "location": "main.py - add_to_mapping"}
{"asctime": "2024-06-08 T15:00:35+0530", "message": "getting audio atributes for  'C:\\Celebal data\\Clients\\Telecom Egypt\\Extract summary\\summary_pipeline/data/processed_data/161316483.wav'"}
{"asctime": "2024-06-08 T15:00:35+0530", "message": "Created folder for audio to save transcriptions at'C:\\Celebal data\\Clients\\Telecom Egypt\\Extract summary\\summary_pipeline/data/audio_analytics/161316483'", "location": "main.py-audios_main"}
{"asctime": "2024-06-08 T15:00:35+0530", "message": "Initializing Creds for AI Speech Services ", "location": "transcription.py - recognize_from_file"}
{"asctime": "2024-06-08 T15:00:35+0530", "message": "Calling Post Transcription for audio '161316483' and file 'C:\\Celebal data\\Clients\\Telecom Egypt\\Extract summary\\summary_pipeline/data/audio_analytics/161316483/transcript_output.json'", "location": "main.py-audios_main"}
{"asctime": "2024-06-08 T15:00:35+0530", "message": "Calling get_translated_transcriptions for 'C:\\Celebal data\\Clients\\Telecom Egypt\\Extract summary\\summary_pipeline/data/audio_analytics/161316483/transcript_output.json'", "location": "main.py - pipeline_after_transcription"}
{"asctime": "2024-06-08 T15:00:35+0530", "message": "Calling get_kpis for 'None'", "location": "main.py - pipeline_after_transcription"}
{"asctime": "2024-06-08 T15:00:35+0530", "message": "Calling get_audio_attributes", "location": "main.py-audios_main"}
{"asctime": "2024-06-08 T15:00:35+0530", "message": "Started function add_to_mapping to create mapping.json data", "location": "main.py - add_to_mapping"}
{"asctime": "2024-06-08 T15:00:35+0530", "message": "getting audio atributes for  'C:\\Celebal data\\Clients\\Telecom Egypt\\Extract summary\\summary_pipeline/data/processed_data/161560999.wav'"}
{"asctime": "2024-06-08 T15:00:35+0530", "message": "Created folder for audio to save transcriptions at'C:\\Celebal data\\Clients\\Telecom Egypt\\Extract summary\\summary_pipeline/data/audio_analytics/161560999'", "location": "main.py-audios_main"}
{"asctime": "2024-06-08 T15:00:35+0530", "message": "Initializing Creds for AI Speech Services ", "location": "transcription.py - recognize_from_file"}
{"asctime": "2024-06-08 T15:00:36+0530", "message": "Calling Post Transcription for audio '161560999' and file 'C:\\Celebal data\\Clients\\Telecom Egypt\\Extract summary\\summary_pipeline/data/audio_analytics/161560999/transcript_output.json'", "location": "main.py-audios_main"}
{"asctime": "2024-06-08 T15:00:36+0530", "message": "Calling get_translated_transcriptions for 'C:\\Celebal data\\Clients\\Telecom Egypt\\Extract summary\\summary_pipeline/data/audio_analytics/161560999/transcript_output.json'", "location": "main.py - pipeline_after_transcription"}
{"asctime": "2024-06-08 T15:00:36+0530", "message": "Calling get_kpis for 'None'", "location": "main.py - pipeline_after_transcription"}
{"asctime": "2024-06-08 T15:00:36+0530", "message": "Starts Creating the excel for", "location": "main.py-audios_main"}
{"asctime": "2024-06-08 T15:00:36+0530", "message": "starts iterating over audio_analytic for power_bi and merged_output .json", "location": "main.py-audios_main"}
{"asctime": "2024-06-08 T15:00:36+0530", "message": "creating eng_dim_dataset excel using the data of All_audio_result dataframe", "location": "main.py-create_excel_for_powerbi"}
{"asctime": "2024-06-08 T15:00:36+0530", "message": "creating power_bi_main report using the mapping.json", "location": "main.py-create_excel_for_powerbi"}
{"asctime": "2024-06-08 T15:00:36+0530", "message": "opening the file 'C:\\Celebal data\\Clients\\Telecom Egypt\\Extract summary\\summary_pipeline/data/audios_info\\mappings.json'", "location": "main.py - power_bi_main_report"}
{"asctime": "2024-06-08 T15:00:36+0530", "message": "STARTS iTERATING OVER DATA OF THE  'C:\\Celebal data\\Clients\\Telecom Egypt\\Extract summary\\summary_pipeline/data/audios_info\\mappings.json'", "location": "main.py - power_bi_main_report"}
{"asctime": "2024-06-08 T15:00:36+0530", "message": "Sending request to the API to translate", "location": "translator.py - get_translated_transcriptions"}
{"asctime": "2024-06-08 T15:00:37+0530", "message": "Sending request to the API to translate", "location": "translator.py - get_translated_transcriptions"}
{"asctime": "2024-06-08 T15:00:38+0530", "message": "Sending request to the API to translate", "location": "translator.py - get_translated_transcriptions"}
{"asctime": "2024-06-08 T15:00:38+0530", "message": "Sending request to the API to translate", "location": "translator.py - get_translated_transcriptions"}
{"asctime": "2024-06-08 T15:00:38+0530", "message": "Sending request to the API to translate", "location": "translator.py - get_translated_transcriptions"}
{"asctime": "2024-06-08 T15:00:39+0530", "message": "Sending request to the API to translate", "location": "translator.py - get_translated_transcriptions"}
{"asctime": "2024-06-08 T15:00:40+0530", "message": "Sending request to the API to translate", "location": "translator.py - get_translated_transcriptions"}
{"asctime": "2024-06-08 T15:00:40+0530", "message": "Sending request to the API to translate", "location": "translator.py - get_translated_transcriptions"}
{"asctime": "2024-06-08 T15:00:40+0530", "message": "Sending request to the API to translate", "location": "translator.py - get_translated_transcriptions"}
{"asctime": "2024-06-08 T15:00:41+0530", "message": "creating data frame for the english and Arabic output", "location": "main.py - power_bi_main_report"}
{"asctime": "2024-06-08 T15:00:41+0530", "message": "Exporting the created dataframe to excel with name: 'eng_main_dataset.xlsx' and 'arb_main_dataset.xlsx'", "location": "main.py - power_bi_main_report"}
{"asctime": "2024-06-08 T15:00:41+0530", "message": " ################## Successfully: Done with the Processing of audio files ################## ", "location": "main.py-audios_main"}
